<?xml version="1.0" encoding="UTF-8"?>
<testng-results ignored="0" total="1" passed="1" failed="0" skipped="0">
  <reporter-output>
  </reporter-output>
  <suite started-at="2025-09-22T11:20:10 IST" name="API Test Suite" finished-at="2025-09-22T11:20:14 IST" duration-ms="4411">
    <groups>
      <group name="cucumber">
        <method signature="AbstractTestNGCucumberTests.runScenario(io.cucumber.testng.PickleWrapper,io.cucumber.testng.FeatureWrapper)[pri:0, instance:com.nexly.api.runners.TestRunner@74f0ea28]" name="runScenario" class="io.cucumber.testng.AbstractTestNGCucumberTests"/>
      </group> <!-- cucumber -->
    </groups>
    <test started-at="2025-09-22T11:20:10 IST" name="API Tests" finished-at="2025-09-22T11:20:14 IST" duration-ms="4411">
      <class name="com.nexly.api.runners.TestRunner">
        <test-method is-config="true" signature="setUpClass(org.testng.ITestContext)[pri:0, instance:com.nexly.api.runners.TestRunner@74f0ea28]" started-at="2025-09-22T11:20:10 IST" name="setUpClass" finished-at="2025-09-22T11:20:11 IST" duration-ms="901" status="PASS">
          <params>
            <param index="0">
              <value>
                <![CDATA[org.testng.TestRunner@18a98913]]>
              </value>
            </param>
          </params>
          <reporter-output>
          </reporter-output>
        </test-method> <!-- setUpClass -->
        <test-method signature="runScenario(io.cucumber.testng.PickleWrapper,io.cucumber.testng.FeatureWrapper)[pri:0, instance:com.nexly.api.runners.TestRunner@74f0ea28]" started-at="2025-09-22T11:20:11 IST" name="runScenario" description="Runs Cucumber Scenarios" data-provider="scenarios" finished-at="2025-09-22T11:20:14 IST" duration-ms="3334" status="PASS">
          <params>
            <param index="0">
              <value>
                <![CDATA["Verify GET request to root endpoint"]]>
              </value>
            </param>
            <param index="1">
              <value>
                <![CDATA["Sample API Tests"]]>
              </value>
            </param>
          </params>
          <reporter-output>
          </reporter-output>
        </test-method> <!-- runScenario -->
        <test-method is-config="true" signature="tearDownClass()[pri:0, instance:com.nexly.api.runners.TestRunner@74f0ea28]" started-at="2025-09-22T11:20:14 IST" name="tearDownClass" finished-at="2025-09-22T11:20:14 IST" duration-ms="93" status="PASS">
          <reporter-output>
          </reporter-output>
        </test-method> <!-- tearDownClass -->
      </class> <!-- com.nexly.api.runners.TestRunner -->
    </test> <!-- API Tests -->
  </suite> <!-- API Test Suite -->
</testng-results>
