<?xml version="1.0" encoding="UTF-8"?>
<testsuite xmlns:xsi="http://www.w3.org/2001/XMLSchema-instance" xsi:noNamespaceSchemaLocation="https://maven.apache.org/surefire/maven-surefire-plugin/xsd/surefire-test-report-3.0.xsd" version="3.0" name="TestSuite" time="6.962" tests="19" errors="0" skipped="0" failures="19">
  <properties>
[...]
</properties>
  <testcase name="runScenario[&quot;Create a new TODO successfully&quot;, &quot;TODO API Tests&quot;](1)" classname="com.nexly.api.runners.TestRunner" time="2.995">
    <failure message="Failed to send POST request to /" type="java.lang.RuntimeException"><![CDATA[java.lang.RuntimeException: Failed to send POST request to /
	at com.nexly.api.stepDefinitions.TodoApiStepDefinitions.iSendARequestTo(TodoApiStepDefinitions.java:275)
	at ✽.I send a POST request to "/"(file:///C:/Users/gyana/Rest-Assured/test/src/main/resources/feature/app.feature:14)
Caused by: java.net.ConnectException: Connection refused: connect
	at java.base/sun.nio.ch.Net.connect0(Native Method)
	at java.base/sun.nio.ch.Net.connect(Net.java:579)
	at java.base/sun.nio.ch.Net.connect(Net.java:568)
	at java.base/sun.nio.ch.NioSocketImpl.connect(NioSocketImpl.java:593)
	at java.base/java.net.SocksSocketImpl.connect(SocksSocketImpl.java:327)
	at java.base/java.net.Socket.connect(Socket.java:633)
	at org.apache.http.conn.scheme.PlainSocketFactory.connectSocket(PlainSocketFactory.java:121)
	at org.apache.http.impl.conn.DefaultClientConnectionOperator.openConnection(DefaultClientConnectionOperator.java:180)
	at org.apache.http.impl.conn.ManagedClientConnectionImpl.open(ManagedClientConnectionImpl.java:326)
	at org.apache.http.impl.client.DefaultRequestDirector.tryConnect(DefaultRequestDirector.java:605)
	at org.apache.http.impl.client.DefaultRequestDirector.execute(DefaultRequestDirector.java:440)
	at org.apache.http.impl.client.AbstractHttpClient.doExecute(AbstractHttpClient.java:835)
	at org.apache.http.impl.client.CloseableHttpClient.execute(CloseableHttpClient.java:83)
	at io.restassured.internal.RestAssuredHttpBuilder.doRequest(RestAssuredHttpBuilder.java:141)
	at io.restassured.internal.http.HTTPBuilder.post(HTTPBuilder.java:349)
	at io.restassured.internal.http.HTTPBuilder$post$2.call(Unknown Source)
	at org.codehaus.groovy.runtime.callsite.CallSiteArray.defaultCall(CallSiteArray.java:45)
	at org.codehaus.groovy.runtime.callsite.AbstractCallSite.call(AbstractCallSite.java:125)
	at org.codehaus.groovy.runtime.callsite.AbstractCallSite.call(AbstractCallSite.java:148)
	at io.restassured.internal.RequestSpecificationImpl.sendRequest(RequestSpecificationImpl.groovy:1209)
	at io.restassured.internal.RequestSpecificationImpl.this$2$sendRequest(RequestSpecificationImpl.groovy)
	at java.base/jdk.internal.reflect.NativeMethodAccessorImpl.invoke0(Native Method)
	at java.base/jdk.internal.reflect.NativeMethodAccessorImpl.invoke(NativeMethodAccessorImpl.java:77)
	at java.base/jdk.internal.reflect.DelegatingMethodAccessorImpl.invoke(DelegatingMethodAccessorImpl.java:43)
	at java.base/java.lang.reflect.Method.invoke(Method.java:569)
	at org.codehaus.groovy.reflection.CachedMethod.invoke(CachedMethod.java:343)
	at groovy.lang.MetaMethod.doMethodInvoke(MetaMethod.java:328)
	at groovy.lang.MetaClassImpl.doInvokeMethod(MetaClassImpl.java:1333)
	at groovy.lang.MetaClassImpl.invokeMethod(MetaClassImpl.java:1088)
	at groovy.lang.MetaClassImpl.invokeMethod(MetaClassImpl.java:1007)
	at groovy.lang.MetaClassImpl.invokeMethod(MetaClassImpl.java:790)
	at io.restassured.internal.RequestSpecificationImpl.invokeMethod(RequestSpecificationImpl.groovy)
	at org.codehaus.groovy.runtime.callsite.PogoInterceptableSite.call(PogoInterceptableSite.java:46)
	at org.codehaus.groovy.runtime.callsite.CallSiteArray.defaultCall(CallSiteArray.java:45)
	at org.codehaus.groovy.runtime.callsite.AbstractCallSite.call(AbstractCallSite.java:125)
	at org.codehaus.groovy.runtime.callsite.AbstractCallSite.call(AbstractCallSite.java:166)
	at io.restassured.internal.filter.SendRequestFilter.filter(SendRequestFilter.groovy:30)
	at io.restassured.filter.Filter$filter.call(Unknown Source)
	at org.codehaus.groovy.runtime.callsite.CallSiteArray.defaultCall(CallSiteArray.java:45)
	at io.restassured.filter.Filter$filter$0.call(Unknown Source)
	at io.restassured.internal.filter.FilterContextImpl.next(FilterContextImpl.groovy:72)
	at io.restassured.filter.time.TimingFilter.filter(TimingFilter.java:56)
	at io.restassured.filter.Filter$filter$0.call(Unknown Source)
	at org.codehaus.groovy.runtime.callsite.CallSiteArray.defaultCall(CallSiteArray.java:45)
	at io.restassured.filter.Filter$filter.call(Unknown Source)
	at io.restassured.internal.filter.FilterContextImpl.next(FilterContextImpl.groovy:72)
	at io.restassured.filter.FilterContext$next.call(Unknown Source)
	at org.codehaus.groovy.runtime.callsite.CallSiteArray.defaultCall(CallSiteArray.java:45)
	at org.codehaus.groovy.runtime.callsite.AbstractCallSite.call(AbstractCallSite.java:125)
	at org.codehaus.groovy.runtime.callsite.AbstractCallSite.call(AbstractCallSite.java:148)
	at io.restassured.internal.filter.CsrfFilter.filter(CsrfFilter.groovy:89)
	at io.restassured.filter.Filter$filter.call(Unknown Source)
	at org.codehaus.groovy.runtime.callsite.CallSiteArray.defaultCall(CallSiteArray.java:45)
	at org.codehaus.groovy.runtime.callsite.AbstractCallSite.call(AbstractCallSite.java:125)
	at org.codehaus.groovy.runtime.callsite.AbstractCallSite.call(AbstractCallSite.java:157)
	at io.restassured.internal.filter.FilterContextImpl.next(FilterContextImpl.groovy:72)
	at io.restassured.filter.FilterContext$next.call(Unknown Source)
	at org.codehaus.groovy.runtime.callsite.CallSiteArray.defaultCall(CallSiteArray.java:45)
	at org.codehaus.groovy.runtime.callsite.AbstractCallSite.call(AbstractCallSite.java:125)
	at org.codehaus.groovy.runtime.callsite.AbstractCallSite.call(AbstractCallSite.java:148)
	at io.restassured.internal.RequestSpecificationImpl.applyPathParamsAndSendRequest(RequestSpecificationImpl.groovy:1704)
	at io.restassured.internal.RequestSpecificationImpl.this$2$applyPathParamsAndSendRequest(RequestSpecificationImpl.groovy)
	at java.base/jdk.internal.reflect.NativeMethodAccessorImpl.invoke0(Native Method)
	at java.base/jdk.internal.reflect.NativeMethodAccessorImpl.invoke(NativeMethodAccessorImpl.java:77)
	at java.base/jdk.internal.reflect.DelegatingMethodAccessorImpl.invoke(DelegatingMethodAccessorImpl.java:43)
	at java.base/java.lang.reflect.Method.invoke(Method.java:569)
	at org.codehaus.groovy.reflection.CachedMethod.invoke(CachedMethod.java:343)
	at groovy.lang.MetaMethod.doMethodInvoke(MetaMethod.java:328)
	at groovy.lang.MetaClassImpl.doInvokeMethod(MetaClassImpl.java:1333)
	at groovy.lang.MetaClassImpl.invokeMethod(MetaClassImpl.java:1088)
	at groovy.lang.MetaClassImpl.invokeMethod(MetaClassImpl.java:1007)
	at groovy.lang.MetaClassImpl.invokeMethod(MetaClassImpl.java:790)
	at io.restassured.internal.RequestSpecificationImpl.invokeMethod(RequestSpecificationImpl.groovy)
	at org.codehaus.groovy.runtime.callsite.PogoInterceptableSite.call(PogoInterceptableSite.java:46)
	at org.codehaus.groovy.runtime.callsite.PogoInterceptableSite.callCurrent(PogoInterceptableSite.java:57)
	at org.codehaus.groovy.runtime.callsite.CallSiteArray.defaultCallCurrent(CallSiteArray.java:49)
	at org.codehaus.groovy.runtime.callsite.AbstractCallSite.callCurrent(AbstractCallSite.java:171)
	at org.codehaus.groovy.runtime.callsite.AbstractCallSite.callCurrent(AbstractCallSite.java:203)
	at io.restassured.internal.RequestSpecificationImpl.applyPathParamsAndSendRequest(RequestSpecificationImpl.groovy:1710)
	at io.restassured.internal.RequestSpecificationImpl.this$2$applyPathParamsAndSendRequest(RequestSpecificationImpl.groovy)
	at java.base/jdk.internal.reflect.NativeMethodAccessorImpl.invoke0(Native Method)
	at java.base/jdk.internal.reflect.NativeMethodAccessorImpl.invoke(NativeMethodAccessorImpl.java:77)
	at java.base/jdk.internal.reflect.DelegatingMethodAccessorImpl.invoke(DelegatingMethodAccessorImpl.java:43)
	at java.base/java.lang.reflect.Method.invoke(Method.java:569)
	at org.codehaus.groovy.reflection.CachedMethod.invoke(CachedMethod.java:343)
	at groovy.lang.MetaMethod.doMethodInvoke(MetaMethod.java:328)
	at groovy.lang.MetaClassImpl.doInvokeMethod(MetaClassImpl.java:1333)
	at groovy.lang.MetaClassImpl.invokeMethod(MetaClassImpl.java:1088)
	at groovy.lang.MetaClassImpl.invokeMethod(MetaClassImpl.java:1007)
	at groovy.lang.MetaClassImpl.invokeMethod(MetaClassImpl.java:790)
	at io.restassured.internal.RequestSpecificationImpl.invokeMethod(RequestSpecificationImpl.groovy)
	at org.codehaus.groovy.runtime.callsite.PogoInterceptableSite.call(PogoInterceptableSite.java:46)
	at org.codehaus.groovy.runtime.callsite.PogoInterceptableSite.callCurrent(PogoInterceptableSite.java:57)
	at org.codehaus.groovy.runtime.callsite.CallSiteArray.defaultCallCurrent(CallSiteArray.java:49)
	at org.codehaus.groovy.runtime.callsite.AbstractCallSite.callCurrent(AbstractCallSite.java:171)
	at org.codehaus.groovy.runtime.callsite.AbstractCallSite.callCurrent(AbstractCallSite.java:203)
	at io.restassured.internal.RequestSpecificationImpl.post(RequestSpecificationImpl.groovy:176)
	at io.restassured.internal.RequestSpecificationImpl.post(RequestSpecificationImpl.groovy)
	at com.nexly.api.stepDefinitions.TodoApiStepDefinitions.iSendARequestTo(TodoApiStepDefinitions.java:261)
	... 1 more
]]></failure>
    <system-out><![CDATA[Test Suite started!
Test started: runScenario

@create-todo
Scenario: Create a new TODO successfully                                       # file:///C:/Users/gyana/Rest-Assured/test/src/main/resources/feature/app.feature:8
Starting scenario: Create a new TODO successfully
  âœ” Given I set the API base URL to "http://localhost:3000/api/v1/to-do"       # com.nexly.api.stepDefinitions.TodoApiStepDefinitions.iSetTheApiBaseUrl(java.lang.String)
  âœ” And I set the authorization header with bearer token                       # com.nexly.api.stepDefinitions.TodoApiStepDefinitions.iSetTheAuthorizationHeader()
  âœ” Given I prepare the TODO data with:                                        # com.nexly.api.stepDefinitions.TodoApiStepDefinitions.iPrepareTheTodoDataWith(io.cucumber.datatable.DataTable)
      | workType | Personal         |
      | workDesc | Complete project |
      | priority | HIGH             |
      | status   | TODO             |
  âœ˜ When I send a POST request to "/"                                          # com.nexly.api.stepDefinitions.TodoApiStepDefinitions.iSendARequestTo(java.lang.String,java.lang.String)
        java.lang.RuntimeException: Failed to send POST request to /
        	at com.nexly.api.stepDefinitions.TodoApiStepDefinitions.iSendARequestTo(TodoApiStepDefinitions.java:275)
        	at âœ½.I send a POST request to "/"(file:///C:/Users/gyana/Rest-Assured/test/src/main/resources/feature/app.feature:14)
        Caused by: java.net.ConnectException: Connection refused: connect
        	at java.base/sun.nio.ch.Net.connect0(Native Method)
        	at java.base/sun.nio.ch.Net.connect(Net.java:579)
        	at java.base/sun.nio.ch.Net.connect(Net.java:568)
        	at java.base/sun.nio.ch.NioSocketImpl.connect(NioSocketImpl.java:593)
        	at java.base/java.net.SocksSocketImpl.connect(SocksSocketImpl.java:327)
        	at java.base/java.net.Socket.connect(Socket.java:633)
        	at org.apache.http.conn.scheme.PlainSocketFactory.connectSocket(PlainSocketFactory.java:121)
        	at org.apache.http.impl.conn.DefaultClientConnectionOperator.openConnection(DefaultClientConnectionOperator.java:180)
        	at org.apache.http.impl.conn.ManagedClientConnectionImpl.open(ManagedClientConnectionImpl.java:326)
        	at org.apache.http.impl.client.DefaultRequestDirector.tryConnect(DefaultRequestDirector.java:605)
        	at org.apache.http.impl.client.DefaultRequestDirector.execute(DefaultRequestDirector.java:440)
        	at org.apache.http.impl.client.AbstractHttpClient.doExecute(AbstractHttpClient.java:835)
        	at org.apache.http.impl.client.CloseableHttpClient.execute(CloseableHttpClient.java:83)
        	at io.restassured.internal.RestAssuredHttpBuilder.doRequest(RestAssuredHttpBuilder.java:141)
        	at io.restassured.internal.http.HTTPBuilder.post(HTTPBuilder.java:349)
        	at io.restassured.internal.http.HTTPBuilder$post$2.call(Unknown Source)
        	at org.codehaus.groovy.runtime.callsite.CallSiteArray.defaultCall(CallSiteArray.java:45)
        	at org.codehaus.groovy.runtime.callsite.AbstractCallSite.call(AbstractCallSite.java:125)
        	at org.codehaus.groovy.runtime.callsite.AbstractCallSite.call(AbstractCallSite.java:148)
        	at io.restassured.internal.RequestSpecificationImpl.sendRequest(RequestSpecificationImpl.groovy:1209)
        	at io.restassured.internal.RequestSpecificationImpl.this$2$sendRequest(RequestSpecificationImpl.groovy)
        	at java.base/jdk.internal.reflect.NativeMethodAccessorImpl.invoke0(Native Method)
        	at java.base/jdk.internal.reflect.NativeMethodAccessorImpl.invoke(NativeMethodAccessorImpl.java:77)
        	at java.base/jdk.internal.reflect.DelegatingMethodAccessorImpl.invoke(DelegatingMethodAccessorImpl.java:43)
        	at java.base/java.lang.reflect.Method.invoke(Method.java:569)
        	at org.codehaus.groovy.reflection.CachedMethod.invoke(CachedMethod.java:343)
        	at groovy.lang.MetaMethod.doMethodInvoke(MetaMethod.java:328)
        	at groovy.lang.MetaClassImpl.doInvokeMethod(MetaClassImpl.java:1333)
        	at groovy.lang.MetaClassImpl.invokeMethod(MetaClassImpl.java:1088)
        	at groovy.lang.MetaClassImpl.invokeMethod(MetaClassImpl.java:1007)
        	at groovy.lang.MetaClassImpl.invokeMethod(MetaClassImpl.java:790)
        	at io.restassured.internal.RequestSpecificationImpl.invokeMethod(RequestSpecificationImpl.groovy)
        	at org.codehaus.groovy.runtime.callsite.PogoInterceptableSite.call(PogoInterceptableSite.java:46)
        	at org.codehaus.groovy.runtime.callsite.CallSiteArray.defaultCall(CallSiteArray.java:45)
        	at org.codehaus.groovy.runtime.callsite.AbstractCallSite.call(AbstractCallSite.java:125)
        	at org.codehaus.groovy.runtime.callsite.AbstractCallSite.call(AbstractCallSite.java:166)
        	at io.restassured.internal.filter.SendRequestFilter.filter(SendRequestFilter.groovy:30)
        	at io.restassured.filter.Filter$filter.call(Unknown Source)
        	at org.codehaus.groovy.runtime.callsite.CallSiteArray.defaultCall(CallSiteArray.java:45)
        	at io.restassured.filter.Filter$filter$0.call(Unknown Source)
        	at io.restassured.internal.filter.FilterContextImpl.next(FilterContextImpl.groovy:72)
        	at io.restassured.filter.time.TimingFilter.filter(TimingFilter.java:56)
        	at io.restassured.filter.Filter$filter$0.call(Unknown Source)
        	at org.codehaus.groovy.runtime.callsite.CallSiteArray.defaultCall(CallSiteArray.java:45)
        	at io.restassured.filter.Filter$filter.call(Unknown Source)
        	at io.restassured.internal.filter.FilterContextImpl.next(FilterContextImpl.groovy:72)
        	at io.restassured.filter.FilterContext$next.call(Unknown Source)
        	at org.codehaus.groovy.runtime.callsite.CallSiteArray.defaultCall(CallSiteArray.java:45)
        	at org.codehaus.groovy.runtime.callsite.AbstractCallSite.call(AbstractCallSite.java:125)
        	at org.codehaus.groovy.runtime.callsite.AbstractCallSite.call(AbstractCallSite.java:148)
        	at io.restassured.internal.filter.CsrfFilter.filter(CsrfFilter.groovy:89)
        	at io.restassured.filter.Filter$filter.call(Unknown Source)
        	at org.codehaus.groovy.runtime.callsite.CallSiteArray.defaultCall(CallSiteArray.java:45)
        	at org.codehaus.groovy.runtime.callsite.AbstractCallSite.call(AbstractCallSite.java:125)
        	at org.codehaus.groovy.runtime.callsite.AbstractCallSite.call(AbstractCallSite.java:157)
        	at io.restassured.internal.filter.FilterContextImpl.next(FilterContextImpl.groovy:72)
        	at io.restassured.filter.FilterContext$next.call(Unknown Source)
        	at org.codehaus.groovy.runtime.callsite.CallSiteArray.defaultCall(CallSiteArray.java:45)
        	at org.codehaus.groovy.runtime.callsite.AbstractCallSite.call(AbstractCallSite.java:125)
        	at org.codehaus.groovy.runtime.callsite.AbstractCallSite.call(AbstractCallSite.java:148)
        	at io.restassured.internal.RequestSpecificationImpl.applyPathParamsAndSendRequest(RequestSpecificationImpl.groovy:1704)
        	at io.restassured.internal.RequestSpecificationImpl.this$2$applyPathParamsAndSendRequest(RequestSpecificationImpl.groovy)
        	at java.base/jdk.internal.reflect.NativeMethodAccessorImpl.invoke0(Native Method)
        	at java.base/jdk.internal.reflect.NativeMethodAccessorImpl.invoke(NativeMethodAccessorImpl.java:77)
        	at java.base/jdk.internal.reflect.DelegatingMethodAccessorImpl.invoke(DelegatingMethodAccessorImpl.java:43)
        	at java.base/java.lang.reflect.Method.invoke(Method.java:569)
        	at org.codehaus.groovy.reflection.CachedMethod.invoke(CachedMethod.java:343)
        	at groovy.lang.MetaMethod.doMethodInvoke(MetaMethod.java:328)
        	at groovy.lang.MetaClassImpl.doInvokeMethod(MetaClassImpl.java:1333)
        	at groovy.lang.MetaClassImpl.invokeMethod(MetaClassImpl.java:1088)
        	at groovy.lang.MetaClassImpl.invokeMethod(MetaClassImpl.java:1007)
        	at groovy.lang.MetaClassImpl.invokeMethod(MetaClassImpl.java:790)
        	at io.restassured.internal.RequestSpecificationImpl.invokeMethod(RequestSpecificationImpl.groovy)
        	at org.codehaus.groovy.runtime.callsite.PogoInterceptableSite.call(PogoInterceptableSite.java:46)
        	at org.codehaus.groovy.runtime.callsite.PogoInterceptableSite.callCurrent(PogoInterceptableSite.java:57)
        	at org.codehaus.groovy.runtime.callsite.CallSiteArray.defaultCallCurrent(CallSiteArray.java:49)
        	at org.codehaus.groovy.runtime.callsite.AbstractCallSite.callCurrent(AbstractCallSite.java:171)
        	at org.codehaus.groovy.runtime.callsite.AbstractCallSite.callCurrent(AbstractCallSite.java:203)
        	at io.restassured.internal.RequestSpecificationImpl.applyPathParamsAndSendRequest(RequestSpecificationImpl.groovy:1710)
        	at io.restassured.internal.RequestSpecificationImpl.this$2$applyPathParamsAndSendRequest(RequestSpecificationImpl.groovy)
        	at java.base/jdk.internal.reflect.NativeMethodAccessorImpl.invoke0(Native Method)
        	at java.base/jdk.internal.reflect.NativeMethodAccessorImpl.invoke(NativeMethodAccessorImpl.java:77)
        	at java.base/jdk.internal.reflect.DelegatingMethodAccessorImpl.invoke(DelegatingMethodAccessorImpl.java:43)
        	at java.base/java.lang.reflect.Method.invoke(Method.java:569)
        	at org.codehaus.groovy.reflection.CachedMethod.invoke(CachedMethod.java:343)
        	at groovy.lang.MetaMethod.doMethodInvoke(MetaMethod.java:328)
        	at groovy.lang.MetaClassImpl.doInvokeMethod(MetaClassImpl.java:1333)
        	at groovy.lang.MetaClassImpl.invokeMethod(MetaClassImpl.java:1088)
        	at groovy.lang.MetaClassImpl.invokeMethod(MetaClassImpl.java:1007)
        	at groovy.lang.MetaClassImpl.invokeMethod(MetaClassImpl.java:790)
        	at io.restassured.internal.RequestSpecificationImpl.invokeMethod(RequestSpecificationImpl.groovy)
        	at org.codehaus.groovy.runtime.callsite.PogoInterceptableSite.call(PogoInterceptableSite.java:46)
        	at org.codehaus.groovy.runtime.callsite.PogoInterceptableSite.callCurrent(PogoInterceptableSite.java:57)
        	at org.codehaus.groovy.runtime.callsite.CallSiteArray.defaultCallCurrent(CallSiteArray.java:49)
        	at org.codehaus.groovy.runtime.callsite.AbstractCallSite.callCurrent(AbstractCallSite.java:171)
        	at org.codehaus.groovy.runtime.callsite.AbstractCallSite.callCurrent(AbstractCallSite.java:203)
        	at io.restassured.internal.RequestSpecificationImpl.post(RequestSpecificationImpl.groovy:176)
        	at io.restassured.internal.RequestSpecificationImpl.post(RequestSpecificationImpl.groovy)
        	at com.nexly.api.stepDefinitions.TodoApiStepDefinitions.iSendARequestTo(TodoApiStepDefinitions.java:261)
        	... 1 more
  â†· Then the response status code should be 201                                # com.nexly.api.stepDefinitions.TodoApiStepDefinitions.theResponseStatusCodeShouldBe(int)
  â†· And the response should contain "TODO created successfully"                # com.nexly.api.stepDefinitions.TodoApiStepDefinitions.theResponseShouldContain(java.lang.String)
  â†· And the response should contain todo data with workType "Personal"         # com.nexly.api.stepDefinitions.TodoApiStepDefinitions.theResponseShouldContainTodoDataWithWorkType(java.lang.String)
  â†· And the response should contain todo data with workDesc "Complete project" # com.nexly.api.stepDefinitions.TodoApiStepDefinitions.theResponseShouldContainTodoDataWithWorkDesc(java.lang.String)
Finished scenario: Create a new TODO successfully with status: FAILED
]]></system-out>
    <system-err><![CDATA[[main] INFO org.testng.internal.Utils - [XmlSuite] [WARN] 'parallel' value 'false' is no longer valid, defaulting to 'none'.
]]></system-err>
  </testcase>
  <testcase name="runScenario[&quot;Create TODO with invalid data should fail&quot;, &quot;TODO API Tests&quot;](2)" classname="com.nexly.api.runners.TestRunner" time="0.046">
    <failure message="Failed to send POST request to /" type="java.lang.RuntimeException"><![CDATA[java.lang.RuntimeException: Failed to send POST request to /
	at com.nexly.api.stepDefinitions.TodoApiStepDefinitions.iSendARequestTo(TodoApiStepDefinitions.java:275)
	at ✽.I send a POST request to "/"(file:///C:/Users/gyana/Rest-Assured/test/src/main/resources/feature/app.feature:25)
Caused by: java.net.ConnectException: Connection refused: connect
	at java.base/sun.nio.ch.Net.connect0(Native Method)
	at java.base/sun.nio.ch.Net.connect(Net.java:579)
	at java.base/sun.nio.ch.Net.connect(Net.java:568)
	at java.base/sun.nio.ch.NioSocketImpl.connect(NioSocketImpl.java:593)
	at java.base/java.net.SocksSocketImpl.connect(SocksSocketImpl.java:327)
	at java.base/java.net.Socket.connect(Socket.java:633)
	at org.apache.http.conn.scheme.PlainSocketFactory.connectSocket(PlainSocketFactory.java:121)
	at org.apache.http.impl.conn.DefaultClientConnectionOperator.openConnection(DefaultClientConnectionOperator.java:180)
	at org.apache.http.impl.conn.ManagedClientConnectionImpl.open(ManagedClientConnectionImpl.java:326)
	at org.apache.http.impl.client.DefaultRequestDirector.tryConnect(DefaultRequestDirector.java:605)
	at org.apache.http.impl.client.DefaultRequestDirector.execute(DefaultRequestDirector.java:440)
	at org.apache.http.impl.client.AbstractHttpClient.doExecute(AbstractHttpClient.java:835)
	at org.apache.http.impl.client.CloseableHttpClient.execute(CloseableHttpClient.java:83)
	at io.restassured.internal.RestAssuredHttpBuilder.doRequest(RestAssuredHttpBuilder.java:141)
	at io.restassured.internal.http.HTTPBuilder.post(HTTPBuilder.java:349)
	at io.restassured.internal.http.HTTPBuilder$post$2.call(Unknown Source)
	at io.restassured.internal.RequestSpecificationImpl.sendRequest(RequestSpecificationImpl.groovy:1209)
	at io.restassured.internal.RequestSpecificationImpl.this$2$sendRequest(RequestSpecificationImpl.groovy)
	at java.base/jdk.internal.reflect.NativeMethodAccessorImpl.invoke0(Native Method)
	at java.base/jdk.internal.reflect.NativeMethodAccessorImpl.invoke(NativeMethodAccessorImpl.java:77)
	at java.base/jdk.internal.reflect.DelegatingMethodAccessorImpl.invoke(DelegatingMethodAccessorImpl.java:43)
	at java.base/java.lang.reflect.Method.invoke(Method.java:569)
	at org.codehaus.groovy.reflection.CachedMethod.invoke(CachedMethod.java:343)
	at groovy.lang.MetaMethod.doMethodInvoke(MetaMethod.java:328)
	at groovy.lang.MetaClassImpl.doInvokeMethod(MetaClassImpl.java:1333)
	at groovy.lang.MetaClassImpl.invokeMethod(MetaClassImpl.java:1088)
	at groovy.lang.MetaClassImpl.invokeMethod(MetaClassImpl.java:1007)
	at groovy.lang.MetaClassImpl.invokeMethod(MetaClassImpl.java:790)
	at io.restassured.internal.RequestSpecificationImpl.invokeMethod(RequestSpecificationImpl.groovy)
	at org.codehaus.groovy.runtime.callsite.PogoInterceptableSite.call(PogoInterceptableSite.java:46)
	at org.codehaus.groovy.runtime.callsite.AbstractCallSite.call(AbstractCallSite.java:166)
	at io.restassured.internal.filter.SendRequestFilter.filter(SendRequestFilter.groovy:30)
	at io.restassured.filter.Filter$filter.call(Unknown Source)
	at org.codehaus.groovy.runtime.callsite.CallSiteArray.defaultCall(CallSiteArray.java:45)
	at io.restassured.filter.Filter$filter$0.call(Unknown Source)
	at io.restassured.internal.filter.FilterContextImpl.next(FilterContextImpl.groovy:72)
	at io.restassured.filter.time.TimingFilter.filter(TimingFilter.java:56)
	at io.restassured.filter.Filter$filter$0.call(Unknown Source)
	at org.codehaus.groovy.runtime.callsite.CallSiteArray.defaultCall(CallSiteArray.java:45)
	at io.restassured.filter.Filter$filter.call(Unknown Source)
	at io.restassured.internal.filter.FilterContextImpl.next(FilterContextImpl.groovy:72)
	at io.restassured.filter.FilterContext$next.call(Unknown Source)
	at io.restassured.internal.filter.CsrfFilter.filter(CsrfFilter.groovy:89)
	at io.restassured.filter.Filter$filter.call(Unknown Source)
	at org.codehaus.groovy.runtime.callsite.CallSiteArray.defaultCall(CallSiteArray.java:45)
	at io.restassured.filter.Filter$filter.call(Unknown Source)
	at io.restassured.internal.filter.FilterContextImpl.next(FilterContextImpl.groovy:72)
	at io.restassured.filter.FilterContext$next.call(Unknown Source)
	at io.restassured.internal.RequestSpecificationImpl.applyPathParamsAndSendRequest(RequestSpecificationImpl.groovy:1704)
	at io.restassured.internal.RequestSpecificationImpl.this$2$applyPathParamsAndSendRequest(RequestSpecificationImpl.groovy)
	at java.base/jdk.internal.reflect.NativeMethodAccessorImpl.invoke0(Native Method)
	at java.base/jdk.internal.reflect.NativeMethodAccessorImpl.invoke(NativeMethodAccessorImpl.java:77)
	at java.base/jdk.internal.reflect.DelegatingMethodAccessorImpl.invoke(DelegatingMethodAccessorImpl.java:43)
	at java.base/java.lang.reflect.Method.invoke(Method.java:569)
	at org.codehaus.groovy.reflection.CachedMethod.invoke(CachedMethod.java:343)
	at groovy.lang.MetaMethod.doMethodInvoke(MetaMethod.java:328)
	at groovy.lang.MetaClassImpl.doInvokeMethod(MetaClassImpl.java:1333)
	at groovy.lang.MetaClassImpl.invokeMethod(MetaClassImpl.java:1088)
	at groovy.lang.MetaClassImpl.invokeMethod(MetaClassImpl.java:1007)
	at groovy.lang.MetaClassImpl.invokeMethod(MetaClassImpl.java:790)
	at io.restassured.internal.RequestSpecificationImpl.invokeMethod(RequestSpecificationImpl.groovy)
	at org.codehaus.groovy.runtime.callsite.PogoInterceptableSite.call(PogoInterceptableSite.java:46)
	at org.codehaus.groovy.runtime.callsite.PogoInterceptableSite.callCurrent(PogoInterceptableSite.java:57)
	at org.codehaus.groovy.runtime.callsite.AbstractCallSite.callCurrent(AbstractCallSite.java:203)
	at io.restassured.internal.RequestSpecificationImpl.applyPathParamsAndSendRequest(RequestSpecificationImpl.groovy:1710)
	at io.restassured.internal.RequestSpecificationImpl.this$2$applyPathParamsAndSendRequest(RequestSpecificationImpl.groovy)
	at java.base/jdk.internal.reflect.NativeMethodAccessorImpl.invoke0(Native Method)
	at java.base/jdk.internal.reflect.NativeMethodAccessorImpl.invoke(NativeMethodAccessorImpl.java:77)
	at java.base/jdk.internal.reflect.DelegatingMethodAccessorImpl.invoke(DelegatingMethodAccessorImpl.java:43)
	at java.base/java.lang.reflect.Method.invoke(Method.java:569)
	at org.codehaus.groovy.reflection.CachedMethod.invoke(CachedMethod.java:343)
	at groovy.lang.MetaMethod.doMethodInvoke(MetaMethod.java:328)
	at groovy.lang.MetaClassImpl.doInvokeMethod(MetaClassImpl.java:1333)
	at groovy.lang.MetaClassImpl.invokeMethod(MetaClassImpl.java:1088)
	at groovy.lang.MetaClassImpl.invokeMethod(MetaClassImpl.java:1007)
	at groovy.lang.MetaClassImpl.invokeMethod(MetaClassImpl.java:790)
	at io.restassured.internal.RequestSpecificationImpl.invokeMethod(RequestSpecificationImpl.groovy)
	at org.codehaus.groovy.runtime.callsite.PogoInterceptableSite.call(PogoInterceptableSite.java:46)
	at org.codehaus.groovy.runtime.callsite.PogoInterceptableSite.callCurrent(PogoInterceptableSite.java:57)
	at org.codehaus.groovy.runtime.callsite.AbstractCallSite.callCurrent(AbstractCallSite.java:203)
	at io.restassured.internal.RequestSpecificationImpl.post(RequestSpecificationImpl.groovy:176)
	at io.restassured.internal.RequestSpecificationImpl.post(RequestSpecificationImpl.groovy)
	at com.nexly.api.stepDefinitions.TodoApiStepDefinitions.iSendARequestTo(TodoApiStepDefinitions.java:261)
	... 1 more
]]></failure>
    <system-out><![CDATA[Test started: runScenario

@create-todo-validation
Scenario: Create TODO with invalid data should fail                      # file:///C:/Users/gyana/Rest-Assured/test/src/main/resources/feature/app.feature:21
Starting scenario: Create TODO with invalid data should fail
  âœ” Given I set the API base URL to "http://localhost:3000/api/v1/to-do" # com.nexly.api.stepDefinitions.TodoApiStepDefinitions.iSetTheApiBaseUrl(java.lang.String)
  âœ” And I set the authorization header with bearer token                 # com.nexly.api.stepDefinitions.TodoApiStepDefinitions.iSetTheAuthorizationHeader()
  âœ” Given I prepare invalid TODO data with:                              # com.nexly.api.stepDefinitions.TodoApiStepDefinitions.iPrepareInvalidTodoDataWith(io.cucumber.datatable.DataTable)
      | workType | InvalidType     |
      | priority | InvalidPriority |
  âœ˜ When I send a POST request to "/"                                    # com.nexly.api.stepDefinitions.TodoApiStepDefinitions.iSendARequestTo(java.lang.String,java.lang.String)
        java.lang.RuntimeException: Failed to send POST request to /
        	at com.nexly.api.stepDefinitions.TodoApiStepDefinitions.iSendARequestTo(TodoApiStepDefinitions.java:275)
        	at âœ½.I send a POST request to "/"(file:///C:/Users/gyana/Rest-Assured/test/src/main/resources/feature/app.feature:25)
        Caused by: java.net.ConnectException: Connection refused: connect
        	at java.base/sun.nio.ch.Net.connect0(Native Method)
        	at java.base/sun.nio.ch.Net.connect(Net.java:579)
        	at java.base/sun.nio.ch.Net.connect(Net.java:568)
        	at java.base/sun.nio.ch.NioSocketImpl.connect(NioSocketImpl.java:593)
        	at java.base/java.net.SocksSocketImpl.connect(SocksSocketImpl.java:327)
        	at java.base/java.net.Socket.connect(Socket.java:633)
        	at org.apache.http.conn.scheme.PlainSocketFactory.connectSocket(PlainSocketFactory.java:121)
        	at org.apache.http.impl.conn.DefaultClientConnectionOperator.openConnection(DefaultClientConnectionOperator.java:180)
        	at org.apache.http.impl.conn.ManagedClientConnectionImpl.open(ManagedClientConnectionImpl.java:326)
        	at org.apache.http.impl.client.DefaultRequestDirector.tryConnect(DefaultRequestDirector.java:605)
        	at org.apache.http.impl.client.DefaultRequestDirector.execute(DefaultRequestDirector.java:440)
        	at org.apache.http.impl.client.AbstractHttpClient.doExecute(AbstractHttpClient.java:835)
        	at org.apache.http.impl.client.CloseableHttpClient.execute(CloseableHttpClient.java:83)
        	at io.restassured.internal.RestAssuredHttpBuilder.doRequest(RestAssuredHttpBuilder.java:141)
        	at io.restassured.internal.http.HTTPBuilder.post(HTTPBuilder.java:349)
        	at io.restassured.internal.http.HTTPBuilder$post$2.call(Unknown Source)
        	at io.restassured.internal.RequestSpecificationImpl.sendRequest(RequestSpecificationImpl.groovy:1209)
        	at io.restassured.internal.RequestSpecificationImpl.this$2$sendRequest(RequestSpecificationImpl.groovy)
        	at java.base/jdk.internal.reflect.NativeMethodAccessorImpl.invoke0(Native Method)
        	at java.base/jdk.internal.reflect.NativeMethodAccessorImpl.invoke(NativeMethodAccessorImpl.java:77)
        	at java.base/jdk.internal.reflect.DelegatingMethodAccessorImpl.invoke(DelegatingMethodAccessorImpl.java:43)
        	at java.base/java.lang.reflect.Method.invoke(Method.java:569)
        	at org.codehaus.groovy.reflection.CachedMethod.invoke(CachedMethod.java:343)
        	at groovy.lang.MetaMethod.doMethodInvoke(MetaMethod.java:328)
        	at groovy.lang.MetaClassImpl.doInvokeMethod(MetaClassImpl.java:1333)
        	at groovy.lang.MetaClassImpl.invokeMethod(MetaClassImpl.java:1088)
        	at groovy.lang.MetaClassImpl.invokeMethod(MetaClassImpl.java:1007)
        	at groovy.lang.MetaClassImpl.invokeMethod(MetaClassImpl.java:790)
        	at io.restassured.internal.RequestSpecificationImpl.invokeMethod(RequestSpecificationImpl.groovy)
        	at org.codehaus.groovy.runtime.callsite.PogoInterceptableSite.call(PogoInterceptableSite.java:46)
        	at org.codehaus.groovy.runtime.callsite.AbstractCallSite.call(AbstractCallSite.java:166)
        	at io.restassured.internal.filter.SendRequestFilter.filter(SendRequestFilter.groovy:30)
        	at io.restassured.filter.Filter$filter.call(Unknown Source)
        	at org.codehaus.groovy.runtime.callsite.CallSiteArray.defaultCall(CallSiteArray.java:45)
        	at io.restassured.filter.Filter$filter$0.call(Unknown Source)
        	at io.restassured.internal.filter.FilterContextImpl.next(FilterContextImpl.groovy:72)
        	at io.restassured.filter.time.TimingFilter.filter(TimingFilter.java:56)
        	at io.restassured.filter.Filter$filter$0.call(Unknown Source)
        	at org.codehaus.groovy.runtime.callsite.CallSiteArray.defaultCall(CallSiteArray.java:45)
        	at io.restassured.filter.Filter$filter.call(Unknown Source)
        	at io.restassured.internal.filter.FilterContextImpl.next(FilterContextImpl.groovy:72)
        	at io.restassured.filter.FilterContext$next.call(Unknown Source)
        	at io.restassured.internal.filter.CsrfFilter.filter(CsrfFilter.groovy:89)
        	at io.restassured.filter.Filter$filter.call(Unknown Source)
        	at org.codehaus.groovy.runtime.callsite.CallSiteArray.defaultCall(CallSiteArray.java:45)
        	at io.restassured.filter.Filter$filter.call(Unknown Source)
        	at io.restassured.internal.filter.FilterContextImpl.next(FilterContextImpl.groovy:72)
        	at io.restassured.filter.FilterContext$next.call(Unknown Source)
        	at io.restassured.internal.RequestSpecificationImpl.applyPathParamsAndSendRequest(RequestSpecificationImpl.groovy:1704)
        	at io.restassured.internal.RequestSpecificationImpl.this$2$applyPathParamsAndSendRequest(RequestSpecificationImpl.groovy)
        	at java.base/jdk.internal.reflect.NativeMethodAccessorImpl.invoke0(Native Method)
        	at java.base/jdk.internal.reflect.NativeMethodAccessorImpl.invoke(NativeMethodAccessorImpl.java:77)
        	at java.base/jdk.internal.reflect.DelegatingMethodAccessorImpl.invoke(DelegatingMethodAccessorImpl.java:43)
        	at java.base/java.lang.reflect.Method.invoke(Method.java:569)
        	at org.codehaus.groovy.reflection.CachedMethod.invoke(CachedMethod.java:343)
        	at groovy.lang.MetaMethod.doMethodInvoke(MetaMethod.java:328)
        	at groovy.lang.MetaClassImpl.doInvokeMethod(MetaClassImpl.java:1333)
        	at groovy.lang.MetaClassImpl.invokeMethod(MetaClassImpl.java:1088)
        	at groovy.lang.MetaClassImpl.invokeMethod(MetaClassImpl.java:1007)
        	at groovy.lang.MetaClassImpl.invokeMethod(MetaClassImpl.java:790)
        	at io.restassured.internal.RequestSpecificationImpl.invokeMethod(RequestSpecificationImpl.groovy)
        	at org.codehaus.groovy.runtime.callsite.PogoInterceptableSite.call(PogoInterceptableSite.java:46)
        	at org.codehaus.groovy.runtime.callsite.PogoInterceptableSite.callCurrent(PogoInterceptableSite.java:57)
        	at org.codehaus.groovy.runtime.callsite.AbstractCallSite.callCurrent(AbstractCallSite.java:203)
        	at io.restassured.internal.RequestSpecificationImpl.applyPathParamsAndSendRequest(RequestSpecificationImpl.groovy:1710)
        	at io.restassured.internal.RequestSpecificationImpl.this$2$applyPathParamsAndSendRequest(RequestSpecificationImpl.groovy)
        	at java.base/jdk.internal.reflect.NativeMethodAccessorImpl.invoke0(Native Method)
        	at java.base/jdk.internal.reflect.NativeMethodAccessorImpl.invoke(NativeMethodAccessorImpl.java:77)
        	at java.base/jdk.internal.reflect.DelegatingMethodAccessorImpl.invoke(DelegatingMethodAccessorImpl.java:43)
        	at java.base/java.lang.reflect.Method.invoke(Method.java:569)
        	at org.codehaus.groovy.reflection.CachedMethod.invoke(CachedMethod.java:343)
        	at groovy.lang.MetaMethod.doMethodInvoke(MetaMethod.java:328)
        	at groovy.lang.MetaClassImpl.doInvokeMethod(MetaClassImpl.java:1333)
        	at groovy.lang.MetaClassImpl.invokeMethod(MetaClassImpl.java:1088)
        	at groovy.lang.MetaClassImpl.invokeMethod(MetaClassImpl.java:1007)
        	at groovy.lang.MetaClassImpl.invokeMethod(MetaClassImpl.java:790)
        	at io.restassured.internal.RequestSpecificationImpl.invokeMethod(RequestSpecificationImpl.groovy)
        	at org.codehaus.groovy.runtime.callsite.PogoInterceptableSite.call(PogoInterceptableSite.java:46)
        	at org.codehaus.groovy.runtime.callsite.PogoInterceptableSite.callCurrent(PogoInterceptableSite.java:57)
        	at org.codehaus.groovy.runtime.callsite.AbstractCallSite.callCurrent(AbstractCallSite.java:203)
        	at io.restassured.internal.RequestSpecificationImpl.post(RequestSpecificationImpl.groovy:176)
        	at io.restassured.internal.RequestSpecificationImpl.post(RequestSpecificationImpl.groovy)
        	at com.nexly.api.stepDefinitions.TodoApiStepDefinitions.iSendARequestTo(TodoApiStepDefinitions.java:261)
        	... 1 more
  â†· Then the response status code should be 400                          # com.nexly.api.stepDefinitions.TodoApiStepDefinitions.theResponseStatusCodeShouldBe(int)
  â†· And the response should contain validation errors                    # com.nexly.api.stepDefinitions.TodoApiStepDefinitions.theResponseShouldContainValidationErrors()
Finished scenario: Create TODO with invalid data should fail with status: FAILED
]]></system-out>
  </testcase>
  <testcase name="runScenario[&quot;Get all TODOs successfully&quot;, &quot;TODO API Tests&quot;](3)" classname="com.nexly.api.runners.TestRunner" time="0.063">
    <failure message="Connection refused: connect" type="java.net.ConnectException"><![CDATA[java.net.ConnectException: Connection refused: connect
	at java.base/sun.nio.ch.Net.connect0(Native Method)
	at java.base/sun.nio.ch.Net.connect(Net.java:579)
	at java.base/sun.nio.ch.Net.connect(Net.java:568)
	at java.base/sun.nio.ch.NioSocketImpl.connect(NioSocketImpl.java:593)
	at java.base/java.net.SocksSocketImpl.connect(SocksSocketImpl.java:327)
	at java.base/java.net.Socket.connect(Socket.java:633)
	at org.apache.http.conn.scheme.PlainSocketFactory.connectSocket(PlainSocketFactory.java:121)
	at org.apache.http.impl.conn.DefaultClientConnectionOperator.openConnection(DefaultClientConnectionOperator.java:180)
	at org.apache.http.impl.conn.ManagedClientConnectionImpl.open(ManagedClientConnectionImpl.java:326)
	at org.apache.http.impl.client.DefaultRequestDirector.tryConnect(DefaultRequestDirector.java:605)
	at org.apache.http.impl.client.DefaultRequestDirector.execute(DefaultRequestDirector.java:440)
	at org.apache.http.impl.client.AbstractHttpClient.doExecute(AbstractHttpClient.java:835)
	at org.apache.http.impl.client.CloseableHttpClient.execute(CloseableHttpClient.java:83)
	at io.restassured.internal.RestAssuredHttpBuilder.doRequest(RestAssuredHttpBuilder.java:141)
	at io.restassured.internal.http.HTTPBuilder.post(HTTPBuilder.java:349)
	at io.restassured.internal.http.HTTPBuilder$post$2.call(Unknown Source)
	at io.restassured.internal.RequestSpecificationImpl.sendRequest(RequestSpecificationImpl.groovy:1209)
	at io.restassured.internal.RequestSpecificationImpl.this$2$sendRequest(RequestSpecificationImpl.groovy)
	at java.base/jdk.internal.reflect.NativeMethodAccessorImpl.invoke0(Native Method)
	at java.base/jdk.internal.reflect.NativeMethodAccessorImpl.invoke(NativeMethodAccessorImpl.java:77)
	at java.base/jdk.internal.reflect.DelegatingMethodAccessorImpl.invoke(DelegatingMethodAccessorImpl.java:43)
	at java.base/java.lang.reflect.Method.invoke(Method.java:569)
	at org.codehaus.groovy.reflection.CachedMethod.invoke(CachedMethod.java:343)
	at groovy.lang.MetaMethod.doMethodInvoke(MetaMethod.java:328)
	at groovy.lang.MetaClassImpl.doInvokeMethod(MetaClassImpl.java:1333)
	at groovy.lang.MetaClassImpl.invokeMethod(MetaClassImpl.java:1088)
	at groovy.lang.MetaClassImpl.invokeMethod(MetaClassImpl.java:1007)
	at groovy.lang.MetaClassImpl.invokeMethod(MetaClassImpl.java:790)
	at io.restassured.internal.RequestSpecificationImpl.invokeMethod(RequestSpecificationImpl.groovy)
	at org.codehaus.groovy.runtime.callsite.PogoInterceptableSite.call(PogoInterceptableSite.java:46)
	at org.codehaus.groovy.runtime.callsite.AbstractCallSite.call(AbstractCallSite.java:166)
	at io.restassured.internal.filter.SendRequestFilter.filter(SendRequestFilter.groovy:30)
	at io.restassured.filter.Filter$filter.call(Unknown Source)
	at org.codehaus.groovy.runtime.callsite.CallSiteArray.defaultCall(CallSiteArray.java:45)
	at io.restassured.filter.Filter$filter$0.call(Unknown Source)
	at io.restassured.internal.filter.FilterContextImpl.next(FilterContextImpl.groovy:72)
	at io.restassured.filter.time.TimingFilter.filter(TimingFilter.java:56)
	at io.restassured.filter.Filter$filter$0.call(Unknown Source)
	at org.codehaus.groovy.runtime.callsite.CallSiteArray.defaultCall(CallSiteArray.java:45)
	at io.restassured.filter.Filter$filter.call(Unknown Source)
	at io.restassured.internal.filter.FilterContextImpl.next(FilterContextImpl.groovy:72)
	at io.restassured.filter.FilterContext$next.call(Unknown Source)
	at io.restassured.internal.filter.CsrfFilter.filter(CsrfFilter.groovy:89)
	at io.restassured.filter.Filter$filter.call(Unknown Source)
	at org.codehaus.groovy.runtime.callsite.CallSiteArray.defaultCall(CallSiteArray.java:45)
	at io.restassured.filter.Filter$filter.call(Unknown Source)
	at io.restassured.internal.filter.FilterContextImpl.next(FilterContextImpl.groovy:72)
	at io.restassured.filter.FilterContext$next.call(Unknown Source)
	at io.restassured.internal.RequestSpecificationImpl.applyPathParamsAndSendRequest(RequestSpecificationImpl.groovy:1704)
	at io.restassured.internal.RequestSpecificationImpl.this$2$applyPathParamsAndSendRequest(RequestSpecificationImpl.groovy)
	at java.base/jdk.internal.reflect.NativeMethodAccessorImpl.invoke0(Native Method)
	at java.base/jdk.internal.reflect.NativeMethodAccessorImpl.invoke(NativeMethodAccessorImpl.java:77)
	at java.base/jdk.internal.reflect.DelegatingMethodAccessorImpl.invoke(DelegatingMethodAccessorImpl.java:43)
	at java.base/java.lang.reflect.Method.invoke(Method.java:569)
	at org.codehaus.groovy.reflection.CachedMethod.invoke(CachedMethod.java:343)
	at groovy.lang.MetaMethod.doMethodInvoke(MetaMethod.java:328)
	at groovy.lang.MetaClassImpl.doInvokeMethod(MetaClassImpl.java:1333)
	at groovy.lang.MetaClassImpl.invokeMethod(MetaClassImpl.java:1088)
	at groovy.lang.MetaClassImpl.invokeMethod(MetaClassImpl.java:1007)
	at groovy.lang.MetaClassImpl.invokeMethod(MetaClassImpl.java:790)
	at io.restassured.internal.RequestSpecificationImpl.invokeMethod(RequestSpecificationImpl.groovy)
	at org.codehaus.groovy.runtime.callsite.PogoInterceptableSite.call(PogoInterceptableSite.java:46)
	at org.codehaus.groovy.runtime.callsite.PogoInterceptableSite.callCurrent(PogoInterceptableSite.java:57)
	at org.codehaus.groovy.runtime.callsite.AbstractCallSite.callCurrent(AbstractCallSite.java:203)
	at io.restassured.internal.RequestSpecificationImpl.applyPathParamsAndSendRequest(RequestSpecificationImpl.groovy:1710)
	at io.restassured.internal.RequestSpecificationImpl.this$2$applyPathParamsAndSendRequest(RequestSpecificationImpl.groovy)
	at java.base/jdk.internal.reflect.NativeMethodAccessorImpl.invoke0(Native Method)
	at java.base/jdk.internal.reflect.NativeMethodAccessorImpl.invoke(NativeMethodAccessorImpl.java:77)
	at java.base/jdk.internal.reflect.DelegatingMethodAccessorImpl.invoke(DelegatingMethodAccessorImpl.java:43)
	at java.base/java.lang.reflect.Method.invoke(Method.java:569)
	at org.codehaus.groovy.reflection.CachedMethod.invoke(CachedMethod.java:343)
	at groovy.lang.MetaMethod.doMethodInvoke(MetaMethod.java:328)
	at groovy.lang.MetaClassImpl.doInvokeMethod(MetaClassImpl.java:1333)
	at groovy.lang.MetaClassImpl.invokeMethod(MetaClassImpl.java:1088)
	at groovy.lang.MetaClassImpl.invokeMethod(MetaClassImpl.java:1007)
	at groovy.lang.MetaClassImpl.invokeMethod(MetaClassImpl.java:790)
	at io.restassured.internal.RequestSpecificationImpl.invokeMethod(RequestSpecificationImpl.groovy)
	at org.codehaus.groovy.runtime.callsite.PogoInterceptableSite.call(PogoInterceptableSite.java:46)
	at org.codehaus.groovy.runtime.callsite.PogoInterceptableSite.callCurrent(PogoInterceptableSite.java:57)
	at org.codehaus.groovy.runtime.callsite.AbstractCallSite.callCurrent(AbstractCallSite.java:203)
	at io.restassured.internal.RequestSpecificationImpl.post(RequestSpecificationImpl.groovy:176)
	at io.restassured.internal.RequestSpecificationImpl.post(RequestSpecificationImpl.groovy)
	at com.nexly.api.stepDefinitions.TodoApiStepDefinitions.iHaveCreatedATodoWithWorkType(TodoApiStepDefinitions.java:111)
	at ✽.I have created a TODO with workType "Personal"(file:///C:/Users/gyana/Rest-Assured/test/src/main/resources/feature/app.feature:31)
]]></failure>
    <system-out><![CDATA[Test started: runScenario

@get-all-todos
Scenario: Get all TODOs successfully                                     # file:///C:/Users/gyana/Rest-Assured/test/src/main/resources/feature/app.feature:30
Starting scenario: Get all TODOs successfully
  âœ” Given I set the API base URL to "http://localhost:3000/api/v1/to-do" # com.nexly.api.stepDefinitions.TodoApiStepDefinitions.iSetTheApiBaseUrl(java.lang.String)
  âœ” And I set the authorization header with bearer token                 # com.nexly.api.stepDefinitions.TodoApiStepDefinitions.iSetTheAuthorizationHeader()
  âœ˜ Given I have created a TODO with workType "Personal"                 # com.nexly.api.stepDefinitions.TodoApiStepDefinitions.iHaveCreatedATodoWithWorkType(java.lang.String)
        java.net.ConnectException: Connection refused: connect
        	at java.base/sun.nio.ch.Net.connect0(Native Method)
        	at java.base/sun.nio.ch.Net.connect(Net.java:579)
        	at java.base/sun.nio.ch.Net.connect(Net.java:568)
        	at java.base/sun.nio.ch.NioSocketImpl.connect(NioSocketImpl.java:593)
        	at java.base/java.net.SocksSocketImpl.connect(SocksSocketImpl.java:327)
        	at java.base/java.net.Socket.connect(Socket.java:633)
        	at org.apache.http.conn.scheme.PlainSocketFactory.connectSocket(PlainSocketFactory.java:121)
        	at org.apache.http.impl.conn.DefaultClientConnectionOperator.openConnection(DefaultClientConnectionOperator.java:180)
        	at org.apache.http.impl.conn.ManagedClientConnectionImpl.open(ManagedClientConnectionImpl.java:326)
        	at org.apache.http.impl.client.DefaultRequestDirector.tryConnect(DefaultRequestDirector.java:605)
        	at org.apache.http.impl.client.DefaultRequestDirector.execute(DefaultRequestDirector.java:440)
        	at org.apache.http.impl.client.AbstractHttpClient.doExecute(AbstractHttpClient.java:835)
        	at org.apache.http.impl.client.CloseableHttpClient.execute(CloseableHttpClient.java:83)
        	at io.restassured.internal.RestAssuredHttpBuilder.doRequest(RestAssuredHttpBuilder.java:141)
        	at io.restassured.internal.http.HTTPBuilder.post(HTTPBuilder.java:349)
        	at io.restassured.internal.http.HTTPBuilder$post$2.call(Unknown Source)
        	at io.restassured.internal.RequestSpecificationImpl.sendRequest(RequestSpecificationImpl.groovy:1209)
        	at io.restassured.internal.RequestSpecificationImpl.this$2$sendRequest(RequestSpecificationImpl.groovy)
        	at java.base/jdk.internal.reflect.NativeMethodAccessorImpl.invoke0(Native Method)
        	at java.base/jdk.internal.reflect.NativeMethodAccessorImpl.invoke(NativeMethodAccessorImpl.java:77)
        	at java.base/jdk.internal.reflect.DelegatingMethodAccessorImpl.invoke(DelegatingMethodAccessorImpl.java:43)
        	at java.base/java.lang.reflect.Method.invoke(Method.java:569)
        	at org.codehaus.groovy.reflection.CachedMethod.invoke(CachedMethod.java:343)
        	at groovy.lang.MetaMethod.doMethodInvoke(MetaMethod.java:328)
        	at groovy.lang.MetaClassImpl.doInvokeMethod(MetaClassImpl.java:1333)
        	at groovy.lang.MetaClassImpl.invokeMethod(MetaClassImpl.java:1088)
        	at groovy.lang.MetaClassImpl.invokeMethod(MetaClassImpl.java:1007)
        	at groovy.lang.MetaClassImpl.invokeMethod(MetaClassImpl.java:790)
        	at io.restassured.internal.RequestSpecificationImpl.invokeMethod(RequestSpecificationImpl.groovy)
        	at org.codehaus.groovy.runtime.callsite.PogoInterceptableSite.call(PogoInterceptableSite.java:46)
        	at org.codehaus.groovy.runtime.callsite.AbstractCallSite.call(AbstractCallSite.java:166)
        	at io.restassured.internal.filter.SendRequestFilter.filter(SendRequestFilter.groovy:30)
        	at io.restassured.filter.Filter$filter.call(Unknown Source)
        	at org.codehaus.groovy.runtime.callsite.CallSiteArray.defaultCall(CallSiteArray.java:45)
        	at io.restassured.filter.Filter$filter$0.call(Unknown Source)
        	at io.restassured.internal.filter.FilterContextImpl.next(FilterContextImpl.groovy:72)
        	at io.restassured.filter.time.TimingFilter.filter(TimingFilter.java:56)
        	at io.restassured.filter.Filter$filter$0.call(Unknown Source)
        	at org.codehaus.groovy.runtime.callsite.CallSiteArray.defaultCall(CallSiteArray.java:45)
        	at io.restassured.filter.Filter$filter.call(Unknown Source)
        	at io.restassured.internal.filter.FilterContextImpl.next(FilterContextImpl.groovy:72)
        	at io.restassured.filter.FilterContext$next.call(Unknown Source)
        	at io.restassured.internal.filter.CsrfFilter.filter(CsrfFilter.groovy:89)
        	at io.restassured.filter.Filter$filter.call(Unknown Source)
        	at org.codehaus.groovy.runtime.callsite.CallSiteArray.defaultCall(CallSiteArray.java:45)
        	at io.restassured.filter.Filter$filter.call(Unknown Source)
        	at io.restassured.internal.filter.FilterContextImpl.next(FilterContextImpl.groovy:72)
        	at io.restassured.filter.FilterContext$next.call(Unknown Source)
        	at io.restassured.internal.RequestSpecificationImpl.applyPathParamsAndSendRequest(RequestSpecificationImpl.groovy:1704)
        	at io.restassured.internal.RequestSpecificationImpl.this$2$applyPathParamsAndSendRequest(RequestSpecificationImpl.groovy)
        	at java.base/jdk.internal.reflect.NativeMethodAccessorImpl.invoke0(Native Method)
        	at java.base/jdk.internal.reflect.NativeMethodAccessorImpl.invoke(NativeMethodAccessorImpl.java:77)
        	at java.base/jdk.internal.reflect.DelegatingMethodAccessorImpl.invoke(DelegatingMethodAccessorImpl.java:43)
        	at java.base/java.lang.reflect.Method.invoke(Method.java:569)
        	at org.codehaus.groovy.reflection.CachedMethod.invoke(CachedMethod.java:343)
        	at groovy.lang.MetaMethod.doMethodInvoke(MetaMethod.java:328)
        	at groovy.lang.MetaClassImpl.doInvokeMethod(MetaClassImpl.java:1333)
        	at groovy.lang.MetaClassImpl.invokeMethod(MetaClassImpl.java:1088)
        	at groovy.lang.MetaClassImpl.invokeMethod(MetaClassImpl.java:1007)
        	at groovy.lang.MetaClassImpl.invokeMethod(MetaClassImpl.java:790)
        	at io.restassured.internal.RequestSpecificationImpl.invokeMethod(RequestSpecificationImpl.groovy)
        	at org.codehaus.groovy.runtime.callsite.PogoInterceptableSite.call(PogoInterceptableSite.java:46)
        	at org.codehaus.groovy.runtime.callsite.PogoInterceptableSite.callCurrent(PogoInterceptableSite.java:57)
        	at org.codehaus.groovy.runtime.callsite.AbstractCallSite.callCurrent(AbstractCallSite.java:203)
        	at io.restassured.internal.RequestSpecificationImpl.applyPathParamsAndSendRequest(RequestSpecificationImpl.groovy:1710)
        	at io.restassured.internal.RequestSpecificationImpl.this$2$applyPathParamsAndSendRequest(RequestSpecificationImpl.groovy)
        	at java.base/jdk.internal.reflect.NativeMethodAccessorImpl.invoke0(Native Method)
        	at java.base/jdk.internal.reflect.NativeMethodAccessorImpl.invoke(NativeMethodAccessorImpl.java:77)
        	at java.base/jdk.internal.reflect.DelegatingMethodAccessorImpl.invoke(DelegatingMethodAccessorImpl.java:43)
        	at java.base/java.lang.reflect.Method.invoke(Method.java:569)
        	at org.codehaus.groovy.reflection.CachedMethod.invoke(CachedMethod.java:343)
        	at groovy.lang.MetaMethod.doMethodInvoke(MetaMethod.java:328)
        	at groovy.lang.MetaClassImpl.doInvokeMethod(MetaClassImpl.java:1333)
        	at groovy.lang.MetaClassImpl.invokeMethod(MetaClassImpl.java:1088)
        	at groovy.lang.MetaClassImpl.invokeMethod(MetaClassImpl.java:1007)
        	at groovy.lang.MetaClassImpl.invokeMethod(MetaClassImpl.java:790)
        	at io.restassured.internal.RequestSpecificationImpl.invokeMethod(RequestSpecificationImpl.groovy)
        	at org.codehaus.groovy.runtime.callsite.PogoInterceptableSite.call(PogoInterceptableSite.java:46)
        	at org.codehaus.groovy.runtime.callsite.PogoInterceptableSite.callCurrent(PogoInterceptableSite.java:57)
        	at org.codehaus.groovy.runtime.callsite.AbstractCallSite.callCurrent(AbstractCallSite.java:203)
        	at io.restassured.internal.RequestSpecificationImpl.post(RequestSpecificationImpl.groovy:176)
        	at io.restassured.internal.RequestSpecificationImpl.post(RequestSpecificationImpl.groovy)
        	at com.nexly.api.stepDefinitions.TodoApiStepDefinitions.iHaveCreatedATodoWithWorkType(TodoApiStepDefinitions.java:111)
        	at âœ½.I have created a TODO with workType "Personal"(file:///C:/Users/gyana/Rest-Assured/test/src/main/resources/feature/app.feature:31)
  â†· And I have created a TODO with workType "Professional"               # com.nexly.api.stepDefinitions.TodoApiStepDefinitions.iHaveCreatedATodoWithWorkType(java.lang.String)
  â†· When I send a GET request to "/"                                     # com.nexly.api.stepDefinitions.TodoApiStepDefinitions.iSendARequestTo(java.lang.String,java.lang.String)
  â†· Then the response status code should be 200                          # com.nexly.api.stepDefinitions.TodoApiStepDefinitions.theResponseStatusCodeShouldBe(int)
  â†· And the response should contain "todos" array                        # com.nexly.api.stepDefinitions.TodoApiStepDefinitions.theResponseShouldContainArray(java.lang.String)
  â†· And the response should contain "pagination" object                  # com.nexly.api.stepDefinitions.TodoApiStepDefinitions.theResponseShouldContainObject(java.lang.String)
  â†· And the todos array should not be empty                              # com.nexly.api.stepDefinitions.TodoApiStepDefinitions.theTodosArrayShouldNotBeEmpty()
Finished scenario: Get all TODOs successfully with status: FAILED
]]></system-out>
  </testcase>
  <testcase name="runScenario[&quot;Get TODOs with workType filter&quot;, &quot;TODO API Tests&quot;](4)" classname="com.nexly.api.runners.TestRunner" time="0.057">
    <failure message="Connection refused: connect" type="java.net.ConnectException"><![CDATA[java.net.ConnectException: Connection refused: connect
	at java.base/sun.nio.ch.Net.connect0(Native Method)
	at java.base/sun.nio.ch.Net.connect(Net.java:579)
	at java.base/sun.nio.ch.Net.connect(Net.java:568)
	at java.base/sun.nio.ch.NioSocketImpl.connect(NioSocketImpl.java:593)
	at java.base/java.net.SocksSocketImpl.connect(SocksSocketImpl.java:327)
	at java.base/java.net.Socket.connect(Socket.java:633)
	at org.apache.http.conn.scheme.PlainSocketFactory.connectSocket(PlainSocketFactory.java:121)
	at org.apache.http.impl.conn.DefaultClientConnectionOperator.openConnection(DefaultClientConnectionOperator.java:180)
	at org.apache.http.impl.conn.ManagedClientConnectionImpl.open(ManagedClientConnectionImpl.java:326)
	at org.apache.http.impl.client.DefaultRequestDirector.tryConnect(DefaultRequestDirector.java:605)
	at org.apache.http.impl.client.DefaultRequestDirector.execute(DefaultRequestDirector.java:440)
	at org.apache.http.impl.client.AbstractHttpClient.doExecute(AbstractHttpClient.java:835)
	at org.apache.http.impl.client.CloseableHttpClient.execute(CloseableHttpClient.java:83)
	at io.restassured.internal.RestAssuredHttpBuilder.doRequest(RestAssuredHttpBuilder.java:141)
	at io.restassured.internal.http.HTTPBuilder.post(HTTPBuilder.java:349)
	at io.restassured.internal.http.HTTPBuilder$post$2.call(Unknown Source)
	at io.restassured.internal.RequestSpecificationImpl.sendRequest(RequestSpecificationImpl.groovy:1209)
	at io.restassured.internal.RequestSpecificationImpl.this$2$sendRequest(RequestSpecificationImpl.groovy)
	at java.base/jdk.internal.reflect.NativeMethodAccessorImpl.invoke0(Native Method)
	at java.base/jdk.internal.reflect.NativeMethodAccessorImpl.invoke(NativeMethodAccessorImpl.java:77)
	at java.base/jdk.internal.reflect.DelegatingMethodAccessorImpl.invoke(DelegatingMethodAccessorImpl.java:43)
	at java.base/java.lang.reflect.Method.invoke(Method.java:569)
	at org.codehaus.groovy.reflection.CachedMethod.invoke(CachedMethod.java:343)
	at groovy.lang.MetaMethod.doMethodInvoke(MetaMethod.java:328)
	at groovy.lang.MetaClassImpl.doInvokeMethod(MetaClassImpl.java:1333)
	at groovy.lang.MetaClassImpl.invokeMethod(MetaClassImpl.java:1088)
	at groovy.lang.MetaClassImpl.invokeMethod(MetaClassImpl.java:1007)
	at groovy.lang.MetaClassImpl.invokeMethod(MetaClassImpl.java:790)
	at io.restassured.internal.RequestSpecificationImpl.invokeMethod(RequestSpecificationImpl.groovy)
	at org.codehaus.groovy.runtime.callsite.PogoInterceptableSite.call(PogoInterceptableSite.java:46)
	at org.codehaus.groovy.runtime.callsite.AbstractCallSite.call(AbstractCallSite.java:166)
	at io.restassured.internal.filter.SendRequestFilter.filter(SendRequestFilter.groovy:30)
	at io.restassured.filter.Filter$filter.call(Unknown Source)
	at org.codehaus.groovy.runtime.callsite.CallSiteArray.defaultCall(CallSiteArray.java:45)
	at io.restassured.filter.Filter$filter$0.call(Unknown Source)
	at io.restassured.internal.filter.FilterContextImpl.next(FilterContextImpl.groovy:72)
	at io.restassured.filter.time.TimingFilter.filter(TimingFilter.java:56)
	at io.restassured.filter.Filter$filter$0.call(Unknown Source)
	at org.codehaus.groovy.runtime.callsite.CallSiteArray.defaultCall(CallSiteArray.java:45)
	at io.restassured.filter.Filter$filter.call(Unknown Source)
	at io.restassured.internal.filter.FilterContextImpl.next(FilterContextImpl.groovy:72)
	at io.restassured.filter.FilterContext$next.call(Unknown Source)
	at io.restassured.internal.filter.CsrfFilter.filter(CsrfFilter.groovy:89)
	at io.restassured.filter.Filter$filter.call(Unknown Source)
	at org.codehaus.groovy.runtime.callsite.CallSiteArray.defaultCall(CallSiteArray.java:45)
	at io.restassured.filter.Filter$filter.call(Unknown Source)
	at io.restassured.internal.filter.FilterContextImpl.next(FilterContextImpl.groovy:72)
	at io.restassured.filter.FilterContext$next.call(Unknown Source)
	at io.restassured.internal.RequestSpecificationImpl.applyPathParamsAndSendRequest(RequestSpecificationImpl.groovy:1704)
	at io.restassured.internal.RequestSpecificationImpl.this$2$applyPathParamsAndSendRequest(RequestSpecificationImpl.groovy)
	at java.base/jdk.internal.reflect.NativeMethodAccessorImpl.invoke0(Native Method)
	at java.base/jdk.internal.reflect.NativeMethodAccessorImpl.invoke(NativeMethodAccessorImpl.java:77)
	at java.base/jdk.internal.reflect.DelegatingMethodAccessorImpl.invoke(DelegatingMethodAccessorImpl.java:43)
	at java.base/java.lang.reflect.Method.invoke(Method.java:569)
	at org.codehaus.groovy.reflection.CachedMethod.invoke(CachedMethod.java:343)
	at groovy.lang.MetaMethod.doMethodInvoke(MetaMethod.java:328)
	at groovy.lang.MetaClassImpl.doInvokeMethod(MetaClassImpl.java:1333)
	at groovy.lang.MetaClassImpl.invokeMethod(MetaClassImpl.java:1088)
	at groovy.lang.MetaClassImpl.invokeMethod(MetaClassImpl.java:1007)
	at groovy.lang.MetaClassImpl.invokeMethod(MetaClassImpl.java:790)
	at io.restassured.internal.RequestSpecificationImpl.invokeMethod(RequestSpecificationImpl.groovy)
	at org.codehaus.groovy.runtime.callsite.PogoInterceptableSite.call(PogoInterceptableSite.java:46)
	at org.codehaus.groovy.runtime.callsite.PogoInterceptableSite.callCurrent(PogoInterceptableSite.java:57)
	at org.codehaus.groovy.runtime.callsite.AbstractCallSite.callCurrent(AbstractCallSite.java:203)
	at io.restassured.internal.RequestSpecificationImpl.applyPathParamsAndSendRequest(RequestSpecificationImpl.groovy:1710)
	at io.restassured.internal.RequestSpecificationImpl.this$2$applyPathParamsAndSendRequest(RequestSpecificationImpl.groovy)
	at java.base/jdk.internal.reflect.NativeMethodAccessorImpl.invoke0(Native Method)
	at java.base/jdk.internal.reflect.NativeMethodAccessorImpl.invoke(NativeMethodAccessorImpl.java:77)
	at java.base/jdk.internal.reflect.DelegatingMethodAccessorImpl.invoke(DelegatingMethodAccessorImpl.java:43)
	at java.base/java.lang.reflect.Method.invoke(Method.java:569)
	at org.codehaus.groovy.reflection.CachedMethod.invoke(CachedMethod.java:343)
	at groovy.lang.MetaMethod.doMethodInvoke(MetaMethod.java:328)
	at groovy.lang.MetaClassImpl.doInvokeMethod(MetaClassImpl.java:1333)
	at groovy.lang.MetaClassImpl.invokeMethod(MetaClassImpl.java:1088)
	at groovy.lang.MetaClassImpl.invokeMethod(MetaClassImpl.java:1007)
	at groovy.lang.MetaClassImpl.invokeMethod(MetaClassImpl.java:790)
	at io.restassured.internal.RequestSpecificationImpl.invokeMethod(RequestSpecificationImpl.groovy)
	at org.codehaus.groovy.runtime.callsite.PogoInterceptableSite.call(PogoInterceptableSite.java:46)
	at org.codehaus.groovy.runtime.callsite.PogoInterceptableSite.callCurrent(PogoInterceptableSite.java:57)
	at org.codehaus.groovy.runtime.callsite.AbstractCallSite.callCurrent(AbstractCallSite.java:203)
	at io.restassured.internal.RequestSpecificationImpl.post(RequestSpecificationImpl.groovy:176)
	at io.restassured.internal.RequestSpecificationImpl.post(RequestSpecificationImpl.groovy)
	at com.nexly.api.stepDefinitions.TodoApiStepDefinitions.iHaveCreatedATodoWithWorkType(TodoApiStepDefinitions.java:111)
	at ✽.I have created a TODO with workType "Personal"(file:///C:/Users/gyana/Rest-Assured/test/src/main/resources/feature/app.feature:41)
]]></failure>
    <system-out><![CDATA[Test started: runScenario

@get-todos-with-filters
Scenario: Get TODOs with workType filter                                 # file:///C:/Users/gyana/Rest-Assured/test/src/main/resources/feature/app.feature:40
Starting scenario: Get TODOs with workType filter
  âœ” Given I set the API base URL to "http://localhost:3000/api/v1/to-do" # com.nexly.api.stepDefinitions.TodoApiStepDefinitions.iSetTheApiBaseUrl(java.lang.String)
  âœ” And I set the authorization header with bearer token                 # com.nexly.api.stepDefinitions.TodoApiStepDefinitions.iSetTheAuthorizationHeader()
  âœ˜ Given I have created a TODO with workType "Personal"                 # com.nexly.api.stepDefinitions.TodoApiStepDefinitions.iHaveCreatedATodoWithWorkType(java.lang.String)
        java.net.ConnectException: Connection refused: connect
        	at java.base/sun.nio.ch.Net.connect0(Native Method)
        	at java.base/sun.nio.ch.Net.connect(Net.java:579)
        	at java.base/sun.nio.ch.Net.connect(Net.java:568)
        	at java.base/sun.nio.ch.NioSocketImpl.connect(NioSocketImpl.java:593)
        	at java.base/java.net.SocksSocketImpl.connect(SocksSocketImpl.java:327)
        	at java.base/java.net.Socket.connect(Socket.java:633)
        	at org.apache.http.conn.scheme.PlainSocketFactory.connectSocket(PlainSocketFactory.java:121)
        	at org.apache.http.impl.conn.DefaultClientConnectionOperator.openConnection(DefaultClientConnectionOperator.java:180)
        	at org.apache.http.impl.conn.ManagedClientConnectionImpl.open(ManagedClientConnectionImpl.java:326)
        	at org.apache.http.impl.client.DefaultRequestDirector.tryConnect(DefaultRequestDirector.java:605)
        	at org.apache.http.impl.client.DefaultRequestDirector.execute(DefaultRequestDirector.java:440)
        	at org.apache.http.impl.client.AbstractHttpClient.doExecute(AbstractHttpClient.java:835)
        	at org.apache.http.impl.client.CloseableHttpClient.execute(CloseableHttpClient.java:83)
        	at io.restassured.internal.RestAssuredHttpBuilder.doRequest(RestAssuredHttpBuilder.java:141)
        	at io.restassured.internal.http.HTTPBuilder.post(HTTPBuilder.java:349)
        	at io.restassured.internal.http.HTTPBuilder$post$2.call(Unknown Source)
        	at io.restassured.internal.RequestSpecificationImpl.sendRequest(RequestSpecificationImpl.groovy:1209)
        	at io.restassured.internal.RequestSpecificationImpl.this$2$sendRequest(RequestSpecificationImpl.groovy)
        	at java.base/jdk.internal.reflect.NativeMethodAccessorImpl.invoke0(Native Method)
        	at java.base/jdk.internal.reflect.NativeMethodAccessorImpl.invoke(NativeMethodAccessorImpl.java:77)
        	at java.base/jdk.internal.reflect.DelegatingMethodAccessorImpl.invoke(DelegatingMethodAccessorImpl.java:43)
        	at java.base/java.lang.reflect.Method.invoke(Method.java:569)
        	at org.codehaus.groovy.reflection.CachedMethod.invoke(CachedMethod.java:343)
        	at groovy.lang.MetaMethod.doMethodInvoke(MetaMethod.java:328)
        	at groovy.lang.MetaClassImpl.doInvokeMethod(MetaClassImpl.java:1333)
        	at groovy.lang.MetaClassImpl.invokeMethod(MetaClassImpl.java:1088)
        	at groovy.lang.MetaClassImpl.invokeMethod(MetaClassImpl.java:1007)
        	at groovy.lang.MetaClassImpl.invokeMethod(MetaClassImpl.java:790)
        	at io.restassured.internal.RequestSpecificationImpl.invokeMethod(RequestSpecificationImpl.groovy)
        	at org.codehaus.groovy.runtime.callsite.PogoInterceptableSite.call(PogoInterceptableSite.java:46)
        	at org.codehaus.groovy.runtime.callsite.AbstractCallSite.call(AbstractCallSite.java:166)
        	at io.restassured.internal.filter.SendRequestFilter.filter(SendRequestFilter.groovy:30)
        	at io.restassured.filter.Filter$filter.call(Unknown Source)
        	at org.codehaus.groovy.runtime.callsite.CallSiteArray.defaultCall(CallSiteArray.java:45)
        	at io.restassured.filter.Filter$filter$0.call(Unknown Source)
        	at io.restassured.internal.filter.FilterContextImpl.next(FilterContextImpl.groovy:72)
        	at io.restassured.filter.time.TimingFilter.filter(TimingFilter.java:56)
        	at io.restassured.filter.Filter$filter$0.call(Unknown Source)
        	at org.codehaus.groovy.runtime.callsite.CallSiteArray.defaultCall(CallSiteArray.java:45)
        	at io.restassured.filter.Filter$filter.call(Unknown Source)
        	at io.restassured.internal.filter.FilterContextImpl.next(FilterContextImpl.groovy:72)
        	at io.restassured.filter.FilterContext$next.call(Unknown Source)
        	at io.restassured.internal.filter.CsrfFilter.filter(CsrfFilter.groovy:89)
        	at io.restassured.filter.Filter$filter.call(Unknown Source)
        	at org.codehaus.groovy.runtime.callsite.CallSiteArray.defaultCall(CallSiteArray.java:45)
        	at io.restassured.filter.Filter$filter.call(Unknown Source)
        	at io.restassured.internal.filter.FilterContextImpl.next(FilterContextImpl.groovy:72)
        	at io.restassured.filter.FilterContext$next.call(Unknown Source)
        	at io.restassured.internal.RequestSpecificationImpl.applyPathParamsAndSendRequest(RequestSpecificationImpl.groovy:1704)
        	at io.restassured.internal.RequestSpecificationImpl.this$2$applyPathParamsAndSendRequest(RequestSpecificationImpl.groovy)
        	at java.base/jdk.internal.reflect.NativeMethodAccessorImpl.invoke0(Native Method)
        	at java.base/jdk.internal.reflect.NativeMethodAccessorImpl.invoke(NativeMethodAccessorImpl.java:77)
        	at java.base/jdk.internal.reflect.DelegatingMethodAccessorImpl.invoke(DelegatingMethodAccessorImpl.java:43)
        	at java.base/java.lang.reflect.Method.invoke(Method.java:569)
        	at org.codehaus.groovy.reflection.CachedMethod.invoke(CachedMethod.java:343)
        	at groovy.lang.MetaMethod.doMethodInvoke(MetaMethod.java:328)
        	at groovy.lang.MetaClassImpl.doInvokeMethod(MetaClassImpl.java:1333)
        	at groovy.lang.MetaClassImpl.invokeMethod(MetaClassImpl.java:1088)
        	at groovy.lang.MetaClassImpl.invokeMethod(MetaClassImpl.java:1007)
        	at groovy.lang.MetaClassImpl.invokeMethod(MetaClassImpl.java:790)
        	at io.restassured.internal.RequestSpecificationImpl.invokeMethod(RequestSpecificationImpl.groovy)
        	at org.codehaus.groovy.runtime.callsite.PogoInterceptableSite.call(PogoInterceptableSite.java:46)
        	at org.codehaus.groovy.runtime.callsite.PogoInterceptableSite.callCurrent(PogoInterceptableSite.java:57)
        	at org.codehaus.groovy.runtime.callsite.AbstractCallSite.callCurrent(AbstractCallSite.java:203)
        	at io.restassured.internal.RequestSpecificationImpl.applyPathParamsAndSendRequest(RequestSpecificationImpl.groovy:1710)
        	at io.restassured.internal.RequestSpecificationImpl.this$2$applyPathParamsAndSendRequest(RequestSpecificationImpl.groovy)
        	at java.base/jdk.internal.reflect.NativeMethodAccessorImpl.invoke0(Native Method)
        	at java.base/jdk.internal.reflect.NativeMethodAccessorImpl.invoke(NativeMethodAccessorImpl.java:77)
        	at java.base/jdk.internal.reflect.DelegatingMethodAccessorImpl.invoke(DelegatingMethodAccessorImpl.java:43)
        	at java.base/java.lang.reflect.Method.invoke(Method.java:569)
        	at org.codehaus.groovy.reflection.CachedMethod.invoke(CachedMethod.java:343)
        	at groovy.lang.MetaMethod.doMethodInvoke(MetaMethod.java:328)
        	at groovy.lang.MetaClassImpl.doInvokeMethod(MetaClassImpl.java:1333)
        	at groovy.lang.MetaClassImpl.invokeMethod(MetaClassImpl.java:1088)
        	at groovy.lang.MetaClassImpl.invokeMethod(MetaClassImpl.java:1007)
        	at groovy.lang.MetaClassImpl.invokeMethod(MetaClassImpl.java:790)
        	at io.restassured.internal.RequestSpecificationImpl.invokeMethod(RequestSpecificationImpl.groovy)
        	at org.codehaus.groovy.runtime.callsite.PogoInterceptableSite.call(PogoInterceptableSite.java:46)
        	at org.codehaus.groovy.runtime.callsite.PogoInterceptableSite.callCurrent(PogoInterceptableSite.java:57)
        	at org.codehaus.groovy.runtime.callsite.AbstractCallSite.callCurrent(AbstractCallSite.java:203)
        	at io.restassured.internal.RequestSpecificationImpl.post(RequestSpecificationImpl.groovy:176)
        	at io.restassured.internal.RequestSpecificationImpl.post(RequestSpecificationImpl.groovy)
        	at com.nexly.api.stepDefinitions.TodoApiStepDefinitions.iHaveCreatedATodoWithWorkType(TodoApiStepDefinitions.java:111)
        	at âœ½.I have created a TODO with workType "Personal"(file:///C:/Users/gyana/Rest-Assured/test/src/main/resources/feature/app.feature:41)
  â†· And I have created a TODO with workType "Professional"               # com.nexly.api.stepDefinitions.TodoApiStepDefinitions.iHaveCreatedATodoWithWorkType(java.lang.String)
  â†· When I send a GET request to "/?workType=Personal"                   # com.nexly.api.stepDefinitions.TodoApiStepDefinitions.iSendARequestTo(java.lang.String,java.lang.String)
  â†· Then the response status code should be 200                          # com.nexly.api.stepDefinitions.TodoApiStepDefinitions.theResponseStatusCodeShouldBe(int)
  â†· And all todos in response should have workType "Personal"            # com.nexly.api.stepDefinitions.TodoApiStepDefinitions.allTodosInResponseShouldHaveWorkType(java.lang.String)
Finished scenario: Get TODOs with workType filter with status: FAILED
]]></system-out>
  </testcase>
  <testcase name="runScenario[&quot;Get TODOs with pagination&quot;, &quot;TODO API Tests&quot;](5)" classname="com.nexly.api.runners.TestRunner" time="0.028">
    <failure message="Connection refused: connect" type="java.net.ConnectException"><![CDATA[java.net.ConnectException: Connection refused: connect
	at java.base/sun.nio.ch.Net.connect0(Native Method)
	at java.base/sun.nio.ch.Net.connect(Net.java:579)
	at java.base/sun.nio.ch.Net.connect(Net.java:568)
	at java.base/sun.nio.ch.NioSocketImpl.connect(NioSocketImpl.java:593)
	at java.base/java.net.SocksSocketImpl.connect(SocksSocketImpl.java:327)
	at java.base/java.net.Socket.connect(Socket.java:633)
	at org.apache.http.conn.scheme.PlainSocketFactory.connectSocket(PlainSocketFactory.java:121)
	at org.apache.http.impl.conn.DefaultClientConnectionOperator.openConnection(DefaultClientConnectionOperator.java:180)
	at org.apache.http.impl.conn.ManagedClientConnectionImpl.open(ManagedClientConnectionImpl.java:326)
	at org.apache.http.impl.client.DefaultRequestDirector.tryConnect(DefaultRequestDirector.java:605)
	at org.apache.http.impl.client.DefaultRequestDirector.execute(DefaultRequestDirector.java:440)
	at org.apache.http.impl.client.AbstractHttpClient.doExecute(AbstractHttpClient.java:835)
	at org.apache.http.impl.client.CloseableHttpClient.execute(CloseableHttpClient.java:83)
	at io.restassured.internal.RestAssuredHttpBuilder.doRequest(RestAssuredHttpBuilder.java:141)
	at io.restassured.internal.http.HTTPBuilder.post(HTTPBuilder.java:349)
	at io.restassured.internal.http.HTTPBuilder$post$2.call(Unknown Source)
	at io.restassured.internal.RequestSpecificationImpl.sendRequest(RequestSpecificationImpl.groovy:1209)
	at io.restassured.internal.RequestSpecificationImpl.this$2$sendRequest(RequestSpecificationImpl.groovy)
	at java.base/jdk.internal.reflect.NativeMethodAccessorImpl.invoke0(Native Method)
	at java.base/jdk.internal.reflect.NativeMethodAccessorImpl.invoke(NativeMethodAccessorImpl.java:77)
	at java.base/jdk.internal.reflect.DelegatingMethodAccessorImpl.invoke(DelegatingMethodAccessorImpl.java:43)
	at java.base/java.lang.reflect.Method.invoke(Method.java:569)
	at org.codehaus.groovy.reflection.CachedMethod.invoke(CachedMethod.java:343)
	at groovy.lang.MetaMethod.doMethodInvoke(MetaMethod.java:328)
	at groovy.lang.MetaClassImpl.doInvokeMethod(MetaClassImpl.java:1333)
	at groovy.lang.MetaClassImpl.invokeMethod(MetaClassImpl.java:1088)
	at groovy.lang.MetaClassImpl.invokeMethod(MetaClassImpl.java:1007)
	at groovy.lang.MetaClassImpl.invokeMethod(MetaClassImpl.java:790)
	at io.restassured.internal.RequestSpecificationImpl.invokeMethod(RequestSpecificationImpl.groovy)
	at org.codehaus.groovy.runtime.callsite.PogoInterceptableSite.call(PogoInterceptableSite.java:46)
	at org.codehaus.groovy.runtime.callsite.AbstractCallSite.call(AbstractCallSite.java:166)
	at io.restassured.internal.filter.SendRequestFilter.filter(SendRequestFilter.groovy:30)
	at io.restassured.filter.Filter$filter.call(Unknown Source)
	at org.codehaus.groovy.runtime.callsite.CallSiteArray.defaultCall(CallSiteArray.java:45)
	at io.restassured.filter.Filter$filter$0.call(Unknown Source)
	at io.restassured.internal.filter.FilterContextImpl.next(FilterContextImpl.groovy:72)
	at io.restassured.filter.time.TimingFilter.filter(TimingFilter.java:56)
	at io.restassured.filter.Filter$filter$0.call(Unknown Source)
	at org.codehaus.groovy.runtime.callsite.CallSiteArray.defaultCall(CallSiteArray.java:45)
	at io.restassured.filter.Filter$filter.call(Unknown Source)
	at io.restassured.internal.filter.FilterContextImpl.next(FilterContextImpl.groovy:72)
	at io.restassured.filter.FilterContext$next.call(Unknown Source)
	at io.restassured.internal.filter.CsrfFilter.filter(CsrfFilter.groovy:89)
	at io.restassured.filter.Filter$filter.call(Unknown Source)
	at org.codehaus.groovy.runtime.callsite.CallSiteArray.defaultCall(CallSiteArray.java:45)
	at io.restassured.filter.Filter$filter.call(Unknown Source)
	at io.restassured.internal.filter.FilterContextImpl.next(FilterContextImpl.groovy:72)
	at io.restassured.filter.FilterContext$next.call(Unknown Source)
	at io.restassured.internal.RequestSpecificationImpl.applyPathParamsAndSendRequest(RequestSpecificationImpl.groovy:1704)
	at io.restassured.internal.RequestSpecificationImpl.this$2$applyPathParamsAndSendRequest(RequestSpecificationImpl.groovy)
	at java.base/jdk.internal.reflect.NativeMethodAccessorImpl.invoke0(Native Method)
	at java.base/jdk.internal.reflect.NativeMethodAccessorImpl.invoke(NativeMethodAccessorImpl.java:77)
	at java.base/jdk.internal.reflect.DelegatingMethodAccessorImpl.invoke(DelegatingMethodAccessorImpl.java:43)
	at java.base/java.lang.reflect.Method.invoke(Method.java:569)
	at org.codehaus.groovy.reflection.CachedMethod.invoke(CachedMethod.java:343)
	at groovy.lang.MetaMethod.doMethodInvoke(MetaMethod.java:328)
	at groovy.lang.MetaClassImpl.doInvokeMethod(MetaClassImpl.java:1333)
	at groovy.lang.MetaClassImpl.invokeMethod(MetaClassImpl.java:1088)
	at groovy.lang.MetaClassImpl.invokeMethod(MetaClassImpl.java:1007)
	at groovy.lang.MetaClassImpl.invokeMethod(MetaClassImpl.java:790)
	at io.restassured.internal.RequestSpecificationImpl.invokeMethod(RequestSpecificationImpl.groovy)
	at org.codehaus.groovy.runtime.callsite.PogoInterceptableSite.call(PogoInterceptableSite.java:46)
	at org.codehaus.groovy.runtime.callsite.PogoInterceptableSite.callCurrent(PogoInterceptableSite.java:57)
	at org.codehaus.groovy.runtime.callsite.AbstractCallSite.callCurrent(AbstractCallSite.java:203)
	at io.restassured.internal.RequestSpecificationImpl.applyPathParamsAndSendRequest(RequestSpecificationImpl.groovy:1710)
	at io.restassured.internal.RequestSpecificationImpl.this$2$applyPathParamsAndSendRequest(RequestSpecificationImpl.groovy)
	at java.base/jdk.internal.reflect.NativeMethodAccessorImpl.invoke0(Native Method)
	at java.base/jdk.internal.reflect.NativeMethodAccessorImpl.invoke(NativeMethodAccessorImpl.java:77)
	at java.base/jdk.internal.reflect.DelegatingMethodAccessorImpl.invoke(DelegatingMethodAccessorImpl.java:43)
	at java.base/java.lang.reflect.Method.invoke(Method.java:569)
	at org.codehaus.groovy.reflection.CachedMethod.invoke(CachedMethod.java:343)
	at groovy.lang.MetaMethod.doMethodInvoke(MetaMethod.java:328)
	at groovy.lang.MetaClassImpl.doInvokeMethod(MetaClassImpl.java:1333)
	at groovy.lang.MetaClassImpl.invokeMethod(MetaClassImpl.java:1088)
	at groovy.lang.MetaClassImpl.invokeMethod(MetaClassImpl.java:1007)
	at groovy.lang.MetaClassImpl.invokeMethod(MetaClassImpl.java:790)
	at io.restassured.internal.RequestSpecificationImpl.invokeMethod(RequestSpecificationImpl.groovy)
	at org.codehaus.groovy.runtime.callsite.PogoInterceptableSite.call(PogoInterceptableSite.java:46)
	at org.codehaus.groovy.runtime.callsite.PogoInterceptableSite.callCurrent(PogoInterceptableSite.java:57)
	at org.codehaus.groovy.runtime.callsite.AbstractCallSite.callCurrent(AbstractCallSite.java:203)
	at io.restassured.internal.RequestSpecificationImpl.post(RequestSpecificationImpl.groovy:176)
	at io.restassured.internal.RequestSpecificationImpl.post(RequestSpecificationImpl.groovy)
	at com.nexly.api.stepDefinitions.TodoApiStepDefinitions.iHaveCreatedTodos(TodoApiStepDefinitions.java:217)
	at ✽.I have created 5 TODOs(file:///C:/Users/gyana/Rest-Assured/test/src/main/resources/feature/app.feature:49)
]]></failure>
    <system-out><![CDATA[Test started: runScenario

@get-todos-with-pagination
Scenario: Get TODOs with pagination                                      # file:///C:/Users/gyana/Rest-Assured/test/src/main/resources/feature/app.feature:48
[...]
  â†· When I send a GET request to "/?workType=Personal&priority=HIGH"           # com.nexly.api.stepDefinitions.TodoApiStepDefinitions.iSendARequestTo(java.lang.String,java.lang.String)
  â†· Then the response status code should be 200                                # com.nexly.api.stepDefinitions.TodoApiStepDefinitions.theResponseStatusCodeShouldBe(int)
  â†· And all todos in response should have workType "Personal"                  # com.nexly.api.stepDefinitions.TodoApiStepDefinitions.allTodosInResponseShouldHaveWorkType(java.lang.String)
  â†· And all todos in response should have priority "HIGH"                      # com.nexly.api.stepDefinitions.TodoApiStepDefinitions.allTodosInResponseShouldHavePriority(java.lang.String)
Finished scenario: Apply multiple filters simultaneously with status: FAILED
]]></system-out>
  </testcase>
  <testcase name="runScenario[&quot;Access API without authorization should fail&quot;, &quot;TODO API Tests&quot;](19)" classname="com.nexly.api.runners.TestRunner" time="0.017">
    <failure message="Failed to send GET request to /" type="java.lang.RuntimeException"><![CDATA[java.lang.RuntimeException: Failed to send GET request to /
	at com.nexly.api.stepDefinitions.TodoApiStepDefinitions.iSendARequestTo(TodoApiStepDefinitions.java:275)
	at ✽.I send a GET request to "/"(file:///C:/Users/gyana/Rest-Assured/test/src/main/resources/feature/app.feature:171)
Caused by: java.net.ConnectException: Connection refused: connect
	at java.base/sun.nio.ch.Net.connect0(Native Method)
	at java.base/sun.nio.ch.Net.connect(Net.java:579)
	at java.base/sun.nio.ch.Net.connect(Net.java:568)
	at java.base/sun.nio.ch.NioSocketImpl.connect(NioSocketImpl.java:593)
	at java.base/java.net.SocksSocketImpl.connect(SocksSocketImpl.java:327)
	at java.base/java.net.Socket.connect(Socket.java:633)
	at org.apache.http.conn.scheme.PlainSocketFactory.connectSocket(PlainSocketFactory.java:121)
	at org.apache.http.impl.conn.DefaultClientConnectionOperator.openConnection(DefaultClientConnectionOperator.java:180)
	at org.apache.http.impl.conn.ManagedClientConnectionImpl.open(ManagedClientConnectionImpl.java:326)
	at org.apache.http.impl.client.DefaultRequestDirector.tryConnect(DefaultRequestDirector.java:605)
	at org.apache.http.impl.client.DefaultRequestDirector.execute(DefaultRequestDirector.java:440)
	at org.apache.http.impl.client.AbstractHttpClient.doExecute(AbstractHttpClient.java:835)
	at org.apache.http.impl.client.CloseableHttpClient.execute(CloseableHttpClient.java:83)
	at io.restassured.internal.RestAssuredHttpBuilder.doRequest(RestAssuredHttpBuilder.java:141)
	at io.restassured.internal.http.HTTPBuilder.doRequest(HTTPBuilder.java:496)
	at io.restassured.internal.http.HTTPBuilder.request(HTTPBuilder.java:453)
	at io.restassured.internal.http.HTTPBuilder$request$3.call(Unknown Source)
	at io.restassured.internal.RequestSpecificationImpl.sendHttpRequest(RequestSpecificationImpl.groovy:1480)
	at io.restassured.internal.RequestSpecificationImpl.this$2$sendHttpRequest(RequestSpecificationImpl.groovy)
	at java.base/jdk.internal.reflect.NativeMethodAccessorImpl.invoke0(Native Method)
	at java.base/jdk.internal.reflect.NativeMethodAccessorImpl.invoke(NativeMethodAccessorImpl.java:77)
	at java.base/jdk.internal.reflect.DelegatingMethodAccessorImpl.invoke(DelegatingMethodAccessorImpl.java:43)
	at java.base/java.lang.reflect.Method.invoke(Method.java:569)
	at org.codehaus.groovy.reflection.CachedMethod.invoke(CachedMethod.java:343)
	at groovy.lang.MetaMethod.doMethodInvoke(MetaMethod.java:328)
	at groovy.lang.MetaClassImpl.doInvokeMethod(MetaClassImpl.java:1333)
	at groovy.lang.MetaClassImpl.invokeMethod(MetaClassImpl.java:1088)
	at groovy.lang.MetaClassImpl.invokeMethod(MetaClassImpl.java:1007)
	at groovy.lang.MetaClassImpl.invokeMethod(MetaClassImpl.java:790)
	at io.restassured.internal.RequestSpecificationImpl.invokeMethod(RequestSpecificationImpl.groovy)
	at org.codehaus.groovy.runtime.callsite.PogoInterceptableSite.call(PogoInterceptableSite.java:46)
	at org.codehaus.groovy.runtime.callsite.PogoInterceptableSite.callCurrent(PogoInterceptableSite.java:57)
	at io.restassured.internal.RequestSpecificationImpl.sendRequest(RequestSpecificationImpl.groovy:1229)
	at io.restassured.internal.RequestSpecificationImpl.this$2$sendRequest(RequestSpecificationImpl.groovy)
	at jdk.internal.reflect.GeneratedMethodAccessor173.invoke(Unknown Source)
	at java.base/jdk.internal.reflect.DelegatingMethodAccessorImpl.invoke(DelegatingMethodAccessorImpl.java:43)
	at java.base/java.lang.reflect.Method.invoke(Method.java:569)
	at org.codehaus.groovy.reflection.CachedMethod.invoke(CachedMethod.java:343)
	at groovy.lang.MetaMethod.doMethodInvoke(MetaMethod.java:328)
	at groovy.lang.MetaClassImpl.doInvokeMethod(MetaClassImpl.java:1333)
	at groovy.lang.MetaClassImpl.invokeMethod(MetaClassImpl.java:1088)
	at groovy.lang.MetaClassImpl.invokeMethod(MetaClassImpl.java:1007)
	at groovy.lang.MetaClassImpl.invokeMethod(MetaClassImpl.java:790)
	at io.restassured.internal.RequestSpecificationImpl.invokeMethod(RequestSpecificationImpl.groovy)
	at org.codehaus.groovy.runtime.callsite.PogoInterceptableSite.call(PogoInterceptableSite.java:46)
	at org.codehaus.groovy.runtime.callsite.AbstractCallSite.call(AbstractCallSite.java:166)
	at io.restassured.internal.filter.SendRequestFilter.filter(SendRequestFilter.groovy:30)
	at io.restassured.filter.Filter$filter.call(Unknown Source)
	at org.codehaus.groovy.runtime.callsite.CallSiteArray.defaultCall(CallSiteArray.java:45)
	at io.restassured.filter.Filter$filter$0.call(Unknown Source)
	at io.restassured.internal.filter.FilterContextImpl.next(FilterContextImpl.groovy:72)
	at io.restassured.filter.time.TimingFilter.filter(TimingFilter.java:56)
	at io.restassured.filter.Filter$filter$0.call(Unknown Source)
	at org.codehaus.groovy.runtime.callsite.CallSiteArray.defaultCall(CallSiteArray.java:45)
	at io.restassured.filter.Filter$filter.call(Unknown Source)
	at io.restassured.internal.filter.FilterContextImpl.next(FilterContextImpl.groovy:72)
	at io.restassured.filter.FilterContext$next.call(Unknown Source)
	at io.restassured.internal.filter.CsrfFilter.filter(CsrfFilter.groovy:89)
	at io.restassured.filter.Filter$filter.call(Unknown Source)
	at org.codehaus.groovy.runtime.callsite.CallSiteArray.defaultCall(CallSiteArray.java:45)
	at io.restassured.filter.Filter$filter.call(Unknown Source)
	at io.restassured.internal.filter.FilterContextImpl.next(FilterContextImpl.groovy:72)
	at io.restassured.filter.FilterContext$next.call(Unknown Source)
	at io.restassured.internal.RequestSpecificationImpl.applyPathParamsAndSendRequest(RequestSpecificationImpl.groovy:1704)
	at io.restassured.internal.RequestSpecificationImpl.this$2$applyPathParamsAndSendRequest(RequestSpecificationImpl.groovy)
	at jdk.internal.reflect.GeneratedMethodAccessor164.invoke(Unknown Source)
	at java.base/jdk.internal.reflect.DelegatingMethodAccessorImpl.invoke(DelegatingMethodAccessorImpl.java:43)
	at java.base/java.lang.reflect.Method.invoke(Method.java:569)
	at org.codehaus.groovy.reflection.CachedMethod.invoke(CachedMethod.java:343)
	at groovy.lang.MetaMethod.doMethodInvoke(MetaMethod.java:328)
	at groovy.lang.MetaClassImpl.doInvokeMethod(MetaClassImpl.java:1333)
	at groovy.lang.MetaClassImpl.invokeMethod(MetaClassImpl.java:1088)
	at groovy.lang.MetaClassImpl.invokeMethod(MetaClassImpl.java:1007)
	at groovy.lang.MetaClassImpl.invokeMethod(MetaClassImpl.java:790)
	at io.restassured.internal.RequestSpecificationImpl.invokeMethod(RequestSpecificationImpl.groovy)
	at org.codehaus.groovy.runtime.callsite.PogoInterceptableSite.call(PogoInterceptableSite.java:46)
	at org.codehaus.groovy.runtime.callsite.PogoInterceptableSite.callCurrent(PogoInterceptableSite.java:57)
	at org.codehaus.groovy.runtime.callsite.AbstractCallSite.callCurrent(AbstractCallSite.java:203)
	at io.restassured.internal.RequestSpecificationImpl.applyPathParamsAndSendRequest(RequestSpecificationImpl.groovy:1710)
	at io.restassured.internal.RequestSpecificationImpl.this$2$applyPathParamsAndSendRequest(RequestSpecificationImpl.groovy)
	at jdk.internal.reflect.GeneratedMethodAccessor163.invoke(Unknown Source)
	at java.base/jdk.internal.reflect.DelegatingMethodAccessorImpl.invoke(DelegatingMethodAccessorImpl.java:43)
	at java.base/java.lang.reflect.Method.invoke(Method.java:569)
	at org.codehaus.groovy.reflection.CachedMethod.invoke(CachedMethod.java:343)
	at groovy.lang.MetaMethod.doMethodInvoke(MetaMethod.java:328)
	at groovy.lang.MetaClassImpl.doInvokeMethod(MetaClassImpl.java:1333)
	at groovy.lang.MetaClassImpl.invokeMethod(MetaClassImpl.java:1088)
	at groovy.lang.MetaClassImpl.invokeMethod(MetaClassImpl.java:1007)
	at groovy.lang.MetaClassImpl.invokeMethod(MetaClassImpl.java:790)
	at io.restassured.internal.RequestSpecificationImpl.invokeMethod(RequestSpecificationImpl.groovy)
	at org.codehaus.groovy.runtime.callsite.PogoInterceptableSite.call(PogoInterceptableSite.java:46)
	at org.codehaus.groovy.runtime.callsite.PogoInterceptableSite.callCurrent(PogoInterceptableSite.java:57)
	at org.codehaus.groovy.runtime.callsite.AbstractCallSite.callCurrent(AbstractCallSite.java:203)
	at io.restassured.internal.RequestSpecificationImpl.get(RequestSpecificationImpl.groovy:172)
	at io.restassured.internal.RequestSpecificationImpl.get(RequestSpecificationImpl.groovy)
	at com.nexly.api.stepDefinitions.TodoApiStepDefinitions.iSendARequestTo(TodoApiStepDefinitions.java:256)
	... 1 more
]]></failure>
    <system-out><![CDATA[Test started: runScenario

@unauthorized-access
Scenario: Access API without authorization should fail                   # file:///C:/Users/gyana/Rest-Assured/test/src/main/resources/feature/app.feature:169
Starting scenario: Access API without authorization should fail
  âœ” Given I set the API base URL to "http://localhost:3000/api/v1/to-do" # com.nexly.api.stepDefinitions.TodoApiStepDefinitions.iSetTheApiBaseUrl(java.lang.String)
  âœ” And I set the authorization header with bearer token                 # com.nexly.api.stepDefinitions.TodoApiStepDefinitions.iSetTheAuthorizationHeader()
  âœ” Given I remove the authorization header                              # com.nexly.api.stepDefinitions.TodoApiStepDefinitions.iRemoveTheAuthorizationHeader()
  âœ˜ When I send a GET request to "/"                                     # com.nexly.api.stepDefinitions.TodoApiStepDefinitions.iSendARequestTo(java.lang.String,java.lang.String)
        java.lang.RuntimeException: Failed to send GET request to /
        	at com.nexly.api.stepDefinitions.TodoApiStepDefinitions.iSendARequestTo(TodoApiStepDefinitions.java:275)
        	at âœ½.I send a GET request to "/"(file:///C:/Users/gyana/Rest-Assured/test/src/main/resources/feature/app.feature:171)
        Caused by: java.net.ConnectException: Connection refused: connect
        	at java.base/sun.nio.ch.Net.connect0(Native Method)
        	at java.base/sun.nio.ch.Net.connect(Net.java:579)
        	at java.base/sun.nio.ch.Net.connect(Net.java:568)
        	at java.base/sun.nio.ch.NioSocketImpl.connect(NioSocketImpl.java:593)
        	at java.base/java.net.SocksSocketImpl.connect(SocksSocketImpl.java:327)
        	at java.base/java.net.Socket.connect(Socket.java:633)
        	at org.apache.http.conn.scheme.PlainSocketFactory.connectSocket(PlainSocketFactory.java:121)
        	at org.apache.http.impl.conn.DefaultClientConnectionOperator.openConnection(DefaultClientConnectionOperator.java:180)
        	at org.apache.http.impl.conn.ManagedClientConnectionImpl.open(ManagedClientConnectionImpl.java:326)
        	at org.apache.http.impl.client.DefaultRequestDirector.tryConnect(DefaultRequestDirector.java:605)
        	at org.apache.http.impl.client.DefaultRequestDirector.execute(DefaultRequestDirector.java:440)
        	at org.apache.http.impl.client.AbstractHttpClient.doExecute(AbstractHttpClient.java:835)
        	at org.apache.http.impl.client.CloseableHttpClient.execute(CloseableHttpClient.java:83)
        	at io.restassured.internal.RestAssuredHttpBuilder.doRequest(RestAssuredHttpBuilder.java:141)
        	at io.restassured.internal.http.HTTPBuilder.doRequest(HTTPBuilder.java:496)
        	at io.restassured.internal.http.HTTPBuilder.request(HTTPBuilder.java:453)
        	at io.restassured.internal.http.HTTPBuilder$request$3.call(Unknown Source)
        	at io.restassured.internal.RequestSpecificationImpl.sendHttpRequest(RequestSpecificationImpl.groovy:1480)
        	at io.restassured.internal.RequestSpecificationImpl.this$2$sendHttpRequest(RequestSpecificationImpl.groovy)
        	at java.base/jdk.internal.reflect.NativeMethodAccessorImpl.invoke0(Native Method)
        	at java.base/jdk.internal.reflect.NativeMethodAccessorImpl.invoke(NativeMethodAccessorImpl.java:77)
        	at java.base/jdk.internal.reflect.DelegatingMethodAccessorImpl.invoke(DelegatingMethodAccessorImpl.java:43)
        	at java.base/java.lang.reflect.Method.invoke(Method.java:569)
        	at org.codehaus.groovy.reflection.CachedMethod.invoke(CachedMethod.java:343)
        	at groovy.lang.MetaMethod.doMethodInvoke(MetaMethod.java:328)
        	at groovy.lang.MetaClassImpl.doInvokeMethod(MetaClassImpl.java:1333)
        	at groovy.lang.MetaClassImpl.invokeMethod(MetaClassImpl.java:1088)
        	at groovy.lang.MetaClassImpl.invokeMethod(MetaClassImpl.java:1007)
        	at groovy.lang.MetaClassImpl.invokeMethod(MetaClassImpl.java:790)
        	at io.restassured.internal.RequestSpecificationImpl.invokeMethod(RequestSpecificationImpl.groovy)
        	at org.codehaus.groovy.runtime.callsite.PogoInterceptableSite.call(PogoInterceptableSite.java:46)
        	at org.codehaus.groovy.runtime.callsite.PogoInterceptableSite.callCurrent(PogoInterceptableSite.java:57)
        	at io.restassured.internal.RequestSpecificationImpl.sendRequest(RequestSpecificationImpl.groovy:1229)
        	at io.restassured.internal.RequestSpecificationImpl.this$2$sendRequest(RequestSpecificationImpl.groovy)
        	at jdk.internal.reflect.GeneratedMethodAccessor173.invoke(Unknown Source)
        	at java.base/jdk.internal.reflect.DelegatingMethodAccessorImpl.invoke(DelegatingMethodAccessorImpl.java:43)
        	at java.base/java.lang.reflect.Method.invoke(Method.java:569)
        	at org.codehaus.groovy.reflection.CachedMethod.invoke(CachedMethod.java:343)
        	at groovy.lang.MetaMethod.doMethodInvoke(MetaMethod.java:328)
        	at groovy.lang.MetaClassImpl.doInvokeMethod(MetaClassImpl.java:1333)
        	at groovy.lang.MetaClassImpl.invokeMethod(MetaClassImpl.java:1088)
        	at groovy.lang.MetaClassImpl.invokeMethod(MetaClassImpl.java:1007)
        	at groovy.lang.MetaClassImpl.invokeMethod(MetaClassImpl.java:790)
        	at io.restassured.internal.RequestSpecificationImpl.invokeMethod(RequestSpecificationImpl.groovy)
        	at org.codehaus.groovy.runtime.callsite.PogoInterceptableSite.call(PogoInterceptableSite.java:46)
        	at org.codehaus.groovy.runtime.callsite.AbstractCallSite.call(AbstractCallSite.java:166)
        	at io.restassured.internal.filter.SendRequestFilter.filter(SendRequestFilter.groovy:30)
        	at io.restassured.filter.Filter$filter.call(Unknown Source)
        	at org.codehaus.groovy.runtime.callsite.CallSiteArray.defaultCall(CallSiteArray.java:45)
        	at io.restassured.filter.Filter$filter$0.call(Unknown Source)
        	at io.restassured.internal.filter.FilterContextImpl.next(FilterContextImpl.groovy:72)
        	at io.restassured.filter.time.TimingFilter.filter(TimingFilter.java:56)
        	at io.restassured.filter.Filter$filter$0.call(Unknown Source)
        	at org.codehaus.groovy.runtime.callsite.CallSiteArray.defaultCall(CallSiteArray.java:45)
        	at io.restassured.filter.Filter$filter.call(Unknown Source)
        	at io.restassured.internal.filter.FilterContextImpl.next(FilterContextImpl.groovy:72)
        	at io.restassured.filter.FilterContext$next.call(Unknown Source)
        	at io.restassured.internal.filter.CsrfFilter.filter(CsrfFilter.groovy:89)
        	at io.restassured.filter.Filter$filter.call(Unknown Source)
        	at org.codehaus.groovy.runtime.callsite.CallSiteArray.defaultCall(CallSiteArray.java:45)
        	at io.restassured.filter.Filter$filter.call(Unknown Source)
        	at io.restassured.internal.filter.FilterContextImpl.next(FilterContextImpl.groovy:72)
        	at io.restassured.filter.FilterContext$next.call(Unknown Source)
        	at io.restassured.internal.RequestSpecificationImpl.applyPathParamsAndSendRequest(RequestSpecificationImpl.groovy:1704)
        	at io.restassured.internal.RequestSpecificationImpl.this$2$applyPathParamsAndSendRequest(RequestSpecificationImpl.groovy)
        	at jdk.internal.reflect.GeneratedMethodAccessor164.invoke(Unknown Source)
        	at java.base/jdk.internal.reflect.DelegatingMethodAccessorImpl.invoke(DelegatingMethodAccessorImpl.java:43)
        	at java.base/java.lang.reflect.Method.invoke(Method.java:569)
        	at org.codehaus.groovy.reflection.CachedMethod.invoke(CachedMethod.java:343)
        	at groovy.lang.MetaMethod.doMethodInvoke(MetaMethod.java:328)
        	at groovy.lang.MetaClassImpl.doInvokeMethod(MetaClassImpl.java:1333)
        	at groovy.lang.MetaClassImpl.invokeMethod(MetaClassImpl.java:1088)
        	at groovy.lang.MetaClassImpl.invokeMethod(MetaClassImpl.java:1007)
        	at groovy.lang.MetaClassImpl.invokeMethod(MetaClassImpl.java:790)
        	at io.restassured.internal.RequestSpecificationImpl.invokeMethod(RequestSpecificationImpl.groovy)
        	at org.codehaus.groovy.runtime.callsite.PogoInterceptableSite.call(PogoInterceptableSite.java:46)
        	at org.codehaus.groovy.runtime.callsite.PogoInterceptableSite.callCurrent(PogoInterceptableSite.java:57)
        	at org.codehaus.groovy.runtime.callsite.AbstractCallSite.callCurrent(AbstractCallSite.java:203)
        	at io.restassured.internal.RequestSpecificationImpl.applyPathParamsAndSendRequest(RequestSpecificationImpl.groovy:1710)
        	at io.restassured.internal.RequestSpecificationImpl.this$2$applyPathParamsAndSendRequest(RequestSpecificationImpl.groovy)
        	at jdk.internal.reflect.GeneratedMethodAccessor163.invoke(Unknown Source)
        	at java.base/jdk.internal.reflect.DelegatingMethodAccessorImpl.invoke(DelegatingMethodAccessorImpl.java:43)
        	at java.base/java.lang.reflect.Method.invoke(Method.java:569)
        	at org.codehaus.groovy.reflection.CachedMethod.invoke(CachedMethod.java:343)
        	at groovy.lang.MetaMethod.doMethodInvoke(MetaMethod.java:328)
        	at groovy.lang.MetaClassImpl.doInvokeMethod(MetaClassImpl.java:1333)
        	at groovy.lang.MetaClassImpl.invokeMethod(MetaClassImpl.java:1088)
        	at groovy.lang.MetaClassImpl.invokeMethod(MetaClassImpl.java:1007)
        	at groovy.lang.MetaClassImpl.invokeMethod(MetaClassImpl.java:790)
        	at io.restassured.internal.RequestSpecificationImpl.invokeMethod(RequestSpecificationImpl.groovy)
        	at org.codehaus.groovy.runtime.callsite.PogoInterceptableSite.call(PogoInterceptableSite.java:46)
        	at org.codehaus.groovy.runtime.callsite.PogoInterceptableSite.callCurrent(PogoInterceptableSite.java:57)
        	at org.codehaus.groovy.runtime.callsite.AbstractCallSite.callCurrent(AbstractCallSite.java:203)
        	at io.restassured.internal.RequestSpecificationImpl.get(RequestSpecificationImpl.groovy:172)
        	at io.restassured.internal.RequestSpecificationImpl.get(RequestSpecificationImpl.groovy)
        	at com.nexly.api.stepDefinitions.TodoApiStepDefinitions.iSendARequestTo(TodoApiStepDefinitions.java:256)
        	... 1 more
  â†· Then the response status code should be 401                          # com.nexly.api.stepDefinitions.TodoApiStepDefinitions.theResponseStatusCodeShouldBe(int)
Finished scenario: Access API without authorization should fail with status: FAILED
]]></system-out>
  </testcase>
</testsuite>